TN:
SF:.eslintrc.cjs
FN:1,(empty-report)
FNF:1
FNH:0
FNDA:0,(empty-report)
DA:1,0
DA:2,0
DA:3,0
DA:4,0
DA:5,0
DA:6,0
DA:7,0
DA:8,0
DA:9,0
DA:10,0
DA:11,0
DA:12,0
DA:13,0
DA:14,0
DA:15,0
DA:16,0
DA:17,0
DA:18,0
DA:19,0
DA:20,0
DA:21,0
DA:22,0
DA:23,0
DA:24,0
DA:25,0
DA:26,0
DA:27,0
DA:28,0
DA:29,0
DA:30,0
DA:31,0
DA:32,0
DA:33,0
DA:34,0
DA:35,0
DA:36,0
DA:37,0
DA:38,0
DA:39,0
DA:40,0
DA:41,0
DA:42,0
DA:43,0
DA:44,0
DA:45,0
DA:46,0
DA:47,0
DA:48,0
DA:49,0
DA:50,0
DA:51,0
DA:52,0
DA:53,0
DA:54,0
DA:55,0
DA:56,0
DA:57,0
DA:58,0
DA:59,0
DA:60,0
DA:61,0
DA:62,0
DA:63,0
DA:64,0
DA:65,0
DA:66,0
DA:67,0
DA:68,0
DA:69,0
DA:70,0
DA:71,0
DA:72,0
DA:73,0
DA:74,0
DA:75,0
DA:76,0
DA:77,0
DA:78,0
DA:79,0
DA:80,0
DA:81,0
DA:82,0
DA:83,0
DA:84,0
DA:85,0
DA:86,0
DA:87,0
DA:88,0
DA:89,0
DA:90,0
DA:91,0
DA:92,0
DA:93,0
DA:94,0
DA:95,0
DA:96,0
DA:97,0
DA:98,0
DA:99,0
DA:100,0
DA:101,0
DA:102,0
DA:103,0
DA:104,0
DA:105,0
DA:106,0
DA:107,0
DA:108,0
DA:109,0
DA:110,0
DA:111,0
DA:112,0
DA:113,0
DA:114,0
DA:115,0
DA:116,0
DA:117,0
DA:118,0
DA:119,0
DA:120,0
DA:121,0
DA:122,0
DA:123,0
DA:124,0
DA:125,0
DA:126,0
LF:126
LH:0
BRDA:1,0,0,0
BRF:1
BRH:0
end_of_record
TN:
SF:generate-icons.js
FN:1,(empty-report)
FNF:1
FNH:0
FNDA:0,(empty-report)
DA:1,0
DA:2,0
DA:3,0
DA:4,0
DA:5,0
DA:6,0
DA:7,0
DA:8,0
DA:9,0
DA:10,0
DA:11,0
DA:12,0
DA:13,0
DA:14,0
DA:15,0
DA:16,0
DA:17,0
DA:18,0
DA:19,0
DA:20,0
DA:21,0
DA:22,0
DA:23,0
DA:24,0
DA:25,0
DA:26,0
DA:27,0
DA:28,0
DA:29,0
DA:30,0
DA:31,0
DA:32,0
DA:33,0
DA:34,0
DA:35,0
DA:36,0
DA:37,0
DA:38,0
DA:39,0
DA:40,0
DA:41,0
DA:42,0
DA:43,0
DA:44,0
DA:45,0
DA:46,0
DA:47,0
DA:48,0
DA:49,0
DA:50,0
DA:51,0
DA:52,0
DA:53,0
DA:54,0
DA:55,0
DA:56,0
DA:57,0
DA:58,0
DA:59,0
DA:60,0
DA:61,0
DA:62,0
DA:63,0
DA:64,0
DA:65,0
DA:66,0
DA:67,0
DA:68,0
DA:69,0
DA:70,0
DA:71,0
DA:72,0
DA:73,0
DA:74,0
DA:75,0
DA:76,0
DA:77,0
DA:78,0
DA:79,0
DA:80,0
DA:81,0
DA:82,0
DA:83,0
DA:84,0
DA:85,0
DA:86,0
DA:87,0
DA:88,0
DA:89,0
DA:90,0
DA:91,0
DA:92,0
DA:93,0
DA:94,0
DA:95,0
DA:96,0
DA:97,0
DA:98,0
DA:99,0
DA:100,0
DA:101,0
DA:102,0
DA:103,0
DA:104,0
DA:105,0
DA:106,0
DA:107,0
DA:108,0
DA:109,0
DA:110,0
DA:111,0
DA:112,0
DA:113,0
DA:114,0
DA:115,0
DA:116,0
DA:117,0
DA:118,0
DA:119,0
DA:120,0
DA:121,0
DA:122,0
DA:123,0
DA:124,0
DA:125,0
DA:126,0
DA:127,0
DA:128,0
DA:129,0
DA:130,0
DA:131,0
DA:132,0
DA:133,0
DA:134,0
DA:135,0
DA:136,0
DA:137,0
DA:138,0
DA:139,0
DA:140,0
DA:141,0
DA:142,0
DA:143,0
LF:143
LH:0
BRDA:1,0,0,0
BRF:1
BRH:0
end_of_record
TN:
SF:generate-password-hash.js
FN:1,(empty-report)
FNF:1
FNH:0
FNDA:0,(empty-report)
DA:1,0
DA:2,0
DA:3,0
DA:4,0
DA:5,0
DA:6,0
DA:7,0
DA:8,0
DA:9,0
DA:10,0
DA:11,0
DA:12,0
DA:13,0
DA:14,0
DA:15,0
DA:16,0
DA:17,0
DA:18,0
DA:19,0
DA:20,0
DA:21,0
DA:22,0
DA:23,0
DA:24,0
DA:25,0
DA:26,0
DA:27,0
DA:28,0
DA:29,0
DA:30,0
DA:31,0
DA:32,0
DA:33,0
DA:34,0
DA:35,0
DA:36,0
DA:37,0
DA:38,0
DA:39,0
DA:40,0
DA:41,0
DA:42,0
DA:43,0
DA:44,0
DA:45,0
DA:46,0
DA:47,0
DA:48,0
DA:49,0
DA:50,0
DA:51,0
DA:52,0
DA:53,0
DA:54,0
DA:55,0
DA:56,0
DA:57,0
DA:58,0
DA:59,0
DA:60,0
DA:61,0
DA:62,0
DA:63,0
DA:64,0
DA:65,0
DA:66,0
DA:67,0
DA:68,0
DA:69,0
DA:70,0
DA:71,0
DA:72,0
DA:73,0
DA:74,0
DA:75,0
DA:76,0
DA:77,0
DA:78,0
DA:79,0
DA:80,0
DA:81,0
DA:82,0
DA:83,0
DA:84,0
LF:84
LH:0
BRDA:1,0,0,0
BRF:1
BRH:0
end_of_record
TN:
SF:src\App.tsx
FN:1,(empty-report)
FNF:1
FNH:0
FNDA:0,(empty-report)
DA:1,0
DA:2,0
DA:3,0
DA:4,0
DA:5,0
DA:6,0
DA:7,0
DA:8,0
DA:9,0
DA:10,0
DA:11,0
DA:12,0
DA:13,0
DA:14,0
DA:15,0
DA:16,0
DA:17,0
DA:18,0
DA:19,0
DA:20,0
DA:21,0
DA:22,0
DA:23,0
DA:24,0
DA:25,0
DA:26,0
DA:27,0
DA:28,0
DA:29,0
DA:30,0
DA:31,0
DA:32,0
DA:33,0
DA:34,0
DA:35,0
DA:36,0
DA:37,0
DA:38,0
DA:39,0
DA:40,0
DA:41,0
DA:42,0
DA:43,0
DA:44,0
DA:45,0
DA:46,0
DA:47,0
DA:48,0
DA:49,0
DA:50,0
DA:51,0
DA:52,0
DA:53,0
DA:54,0
DA:55,0
DA:56,0
DA:57,0
DA:58,0
DA:59,0
DA:60,0
DA:61,0
DA:62,0
DA:63,0
DA:64,0
DA:65,0
DA:66,0
DA:67,0
DA:68,0
DA:69,0
DA:70,0
DA:71,0
DA:72,0
DA:73,0
DA:74,0
DA:75,0
DA:76,0
DA:77,0
DA:78,0
DA:79,0
DA:80,0
DA:81,0
DA:82,0
DA:83,0
LF:83
LH:0
BRDA:1,0,0,0
BRF:1
BRH:0
end_of_record
TN:
SF:src\components\AutocompleteInput\AutocompleteInput.tsx
FN:29,AutocompleteInput
FN:51,handler
FN:78,handleInputChange
FN:82,handleSelect
FN:89,handleKeyDown
FN:119,formatDisplay
FN:183,onClick
FNF:7
FNH:7
FNDA:53,AutocompleteInput
FNDA:1,handler
FNDA:1,handleInputChange
FNDA:4,handleSelect
FNDA:8,handleKeyDown
FNDA:24,formatDisplay
FNDA:2,onClick
DA:1,1
DA:2,1
DA:3,1
DA:4,1
DA:5,1
DA:6,1
DA:7,1
DA:8,1
DA:9,1
DA:10,1
DA:11,1
DA:12,1
DA:13,1
DA:14,1
DA:15,1
DA:16,1
DA:17,1
DA:18,1
DA:19,1
DA:20,1
DA:21,1
DA:22,1
DA:23,1
DA:24,1
DA:25,1
DA:26,1
DA:27,1
DA:28,1
DA:29,1
DA:30,53
DA:31,53
DA:32,53
DA:33,53
DA:34,53
DA:35,53
DA:36,53
DA:37,53
DA:38,53
DA:39,53
DA:40,53
DA:41,53
DA:42,53
DA:43,53
DA:44,53
DA:45,53
DA:46,53
DA:47,53
DA:48,53
DA:49,53
DA:50,53
DA:51,53
DA:52,53
DA:53,53
DA:54,53
DA:55,53
DA:56,17
DA:57,14
DA:58,12
DA:59,12
DA:60,12
DA:61,12
DA:62,11
DA:63,11
DA:64,11
DA:65,11
DA:66,11
DA:67,11
DA:68,14
DA:69,2
DA:70,2
DA:71,2
DA:72,2
DA:73,17
DA:74,17
DA:75,17
DA:76,53
DA:77,53
DA:78,53
DA:79,1
DA:80,1
DA:81,53
DA:82,53
DA:83,4
DA:84,4
DA:85,4
DA:86,4
DA:87,4
DA:88,53
DA:89,53
DA:90,8
DA:91,8
DA:92,8
DA:93,8
DA:94,3
DA:95,3
DA:96,3
DA:97,8
DA:98,0
DA:99,0
DA:100,0
DA:101,8
DA:102,3
DA:103,3
DA:104,2
DA:105,2
DA:106,3
DA:107,8
DA:108,1
DA:109,1
DA:110,1
DA:111,1
DA:112,8
DA:113,1
DA:114,1
DA:115,1
DA:116,8
DA:117,8
DA:118,53
DA:119,53
DA:120,24
DA:121,24
DA:122,53
DA:123,53
DA:124,53
DA:125,53
DA:126,53
DA:127,53
DA:128,53
DA:129,53
DA:130,53
DA:131,53
DA:132,53
DA:133,53
DA:134,53
DA:135,53
DA:136,53
DA:137,53
DA:138,53
DA:139,53
DA:140,53
DA:141,53
DA:142,53
DA:143,53
DA:144,53
DA:145,53
DA:146,53
DA:147,53
DA:148,53
DA:149,53
DA:150,53
DA:151,12
DA:152,12
DA:153,12
DA:154,53
DA:155,53
DA:156,53
DA:157,53
DA:158,12
DA:159,12
DA:160,12
DA:161,12
DA:162,12
DA:163,12
DA:164,12
DA:165,12
DA:166,12
DA:167,12
DA:168,12
DA:169,12
DA:170,12
DA:171,12
DA:172,12
DA:173,12
DA:174,12
DA:175,24
DA:176,24
DA:177,24
DA:178,24
DA:179,24
DA:180,24
DA:181,24
DA:182,24
DA:183,24
DA:184,24
DA:185,24
DA:186,24
DA:187,24
DA:188,24
DA:189,24
DA:190,24
DA:191,24
DA:192,24
DA:193,24
DA:194,24
DA:195,24
DA:196,24
DA:197,24
DA:198,24
DA:199,24
DA:200,24
DA:201,24
DA:202,24
DA:203,24
DA:204,24
DA:205,24
DA:206,24
DA:207,24
DA:208,24
DA:209,12
DA:210,12
DA:211,12
DA:212,53
DA:213,53
DA:214,53
DA:215,2
DA:216,2
DA:217,2
DA:218,2
DA:219,2
DA:220,2
DA:221,2
DA:222,2
DA:223,2
DA:224,2
DA:225,2
DA:226,2
DA:227,2
DA:228,2
DA:229,2
DA:230,2
DA:231,2
DA:232,2
DA:233,2
DA:234,53
DA:235,53
DA:236,53
DA:237,53
LF:237
LH:234
BRDA:29,0,0,53
BRDA:136,1,0,0
BRDA:136,2,0,52
BRDA:150,3,0,12
BRDA:157,4,0,14
BRDA:157,5,0,12
BRDA:214,6,0,14
BRDA:214,7,0,2
BRDA:214,8,0,2
BRDA:214,9,0,2
BRDA:51,10,0,1
BRDA:55,11,0,17
BRDA:56,12,0,14
BRDA:57,13,0,12
BRDA:61,14,0,11
BRDA:68,15,0,2
BRDA:75,16,0,17
BRDA:78,17,0,1
BRDA:82,18,0,4
BRDA:89,19,0,8
BRDA:90,20,0,0
BRDA:93,21,0,3
BRDA:97,22,0,0
BRDA:101,23,0,3
BRDA:103,24,0,2
BRDA:103,25,0,2
BRDA:107,26,0,1
BRDA:112,27,0,1
BRDA:95,28,0,3
BRDA:95,29,0,0
BRDA:119,30,0,24
BRDA:174,31,0,24
BRDA:180,32,0,3
BRDA:180,33,0,21
BRDA:181,34,0,12
BRDA:181,35,0,12
BRDA:183,36,0,2
BRF:37
BRH:33
end_of_record
TN:
SF:src\components\AutocompleteInput\index.ts
FN:1,(empty-report)
FNF:1
FNH:0
FNDA:0,(empty-report)
DA:1,0
LF:1
LH:0
BRDA:1,0,0,0
BRF:1
BRH:0
end_of_record
TN:
SF:src\components\BottomNav\BottomNav.tsx
FN:1,(empty-report)
FNF:1
FNH:0
FNDA:0,(empty-report)
DA:1,0
DA:2,0
DA:3,0
DA:4,0
DA:5,0
DA:6,0
DA:7,0
DA:8,0
DA:9,0
DA:10,0
DA:11,0
DA:12,0
DA:13,0
DA:14,0
DA:15,0
DA:16,0
DA:17,0
DA:18,0
DA:19,0
DA:20,0
DA:21,0
DA:22,0
DA:23,0
DA:24,0
DA:25,0
DA:26,0
DA:27,0
DA:28,0
DA:29,0
DA:30,0
DA:31,0
DA:32,0
DA:33,0
DA:34,0
DA:35,0
DA:36,0
DA:37,0
DA:38,0
DA:39,0
DA:40,0
DA:41,0
DA:42,0
DA:43,0
DA:44,0
DA:45,0
DA:46,0
DA:47,0
DA:48,0
DA:49,0
DA:50,0
DA:51,0
DA:52,0
DA:53,0
DA:54,0
DA:55,0
DA:56,0
DA:57,0
DA:58,0
DA:59,0
DA:60,0
DA:61,0
DA:62,0
DA:63,0
DA:64,0
DA:65,0
DA:66,0
DA:67,0
DA:68,0
DA:69,0
DA:70,0
DA:71,0
DA:72,0
DA:73,0
DA:74,0
DA:75,0
DA:76,0
DA:77,0
DA:78,0
DA:79,0
DA:80,0
DA:81,0
DA:82,0
DA:83,0
DA:84,0
DA:85,0
DA:86,0
DA:87,0
DA:88,0
DA:89,0
DA:90,0
DA:91,0
DA:92,0
DA:93,0
DA:94,0
DA:95,0
DA:96,0
DA:97,0
DA:98,0
DA:99,0
DA:100,0
DA:101,0
DA:102,0
DA:103,0
DA:104,0
DA:105,0
LF:105
LH:0
BRDA:1,0,0,0
BRF:1
BRH:0
end_of_record
TN:
SF:src\components\BottomNav\index.ts
FN:1,(empty-report)
FNF:1
FNH:0
FNDA:0,(empty-report)
DA:1,0
LF:1
LH:0
BRDA:1,0,0,0
BRF:1
BRH:0
end_of_record
TN:
SF:src\components\ChatInterface\ChatInterface.tsx
FN:50,ChatInterface
FN:102,isFullySpecifiedRequest
FN:153,getAvailableCities
FN:177,detectCityInText
FN:187,parseSegmentsForCity
FN:314,checkServiceInRegistry
FN:395,classifySegmentByRegistry
FN:461,handleViewportResize
FN:481,handleSendMessage
FN:489,sendMessageWithContent
FN:590,titleCaseSvc
FN:1236,handleCitySelection
FN:1253,handleCitySelectAll
FN:1268,handleServiceSelectAll
FN:1286,handleCityConfirm
FN:1465,handleSuggestionClick
FN:1471,handleBackToCityPicker
FN:1501,handleMinQtyContinue
FN:1530,handleMinQtyUseMinimum
FN:1577,handleServiceSuggestionClick
FN:1615,handleServiceCheckbox
FN:1641,handleShowConfirmation
FN:1684,handleConfirmAndGenerate
FN:1728,toggleVoiceInput
FN:1926,onClick
FN:1977,boldSummary
FN:2191,onClick
FN:2347,onClick
FN:2973,onChange
FN:2974,onKeyPress
FN:2980,onFocus
FN:3332,onClick
FN:3433,onClick
FN:3447,onClick
FNF:34
FNH:6
FNDA:53,ChatInterface
FNDA:10,isFullySpecifiedRequest
FNDA:0,getAvailableCities
FNDA:0,detectCityInText
FNDA:0,parseSegmentsForCity
FNDA:0,checkServiceInRegistry
FNDA:0,classifySegmentByRegistry
FNDA:0,handleViewportResize
FNDA:10,handleSendMessage
FNDA:10,sendMessageWithContent
FNDA:0,titleCaseSvc
FNDA:0,handleCitySelection
FNDA:0,handleCitySelectAll
FNDA:0,handleServiceSelectAll
FNDA:0,handleCityConfirm
FNDA:0,handleSuggestionClick
FNDA:0,handleBackToCityPicker
FNDA:0,handleMinQtyContinue
FNDA:0,handleMinQtyUseMinimum
FNDA:0,handleServiceSuggestionClick
FNDA:0,handleServiceCheckbox
FNDA:0,handleShowConfirmation
FNDA:0,handleConfirmAndGenerate
FNDA:0,toggleVoiceInput
FNDA:0,onClick
FNDA:0,boldSummary
FNDA:0,onClick
FNDA:0,onClick
FNDA:12,onChange
FNDA:1,onKeyPress
FNDA:0,onFocus
FNDA:0,onClick
FNDA:0,onClick
FNDA:0,onClick
DA:1,1
DA:2,1
DA:3,1
DA:4,1
DA:5,1
DA:6,1
DA:7,1
DA:8,1
DA:9,1
DA:10,1
DA:11,1
DA:12,1
DA:13,1
DA:14,1
DA:15,1
DA:16,1
DA:17,1
DA:18,1
DA:19,1
DA:20,1
DA:21,1
DA:22,1
DA:23,1
DA:24,1
DA:25,1
DA:26,1
DA:27,1
DA:28,1
DA:29,1
DA:30,1
DA:31,1
DA:32,1
DA:33,1
DA:34,1
DA:35,1
DA:36,1
DA:37,1
DA:38,1
DA:39,1
DA:40,1
DA:41,1
DA:42,1
DA:43,1
DA:44,1
DA:45,1
DA:46,1
DA:47,1
DA:48,1
DA:49,1
DA:50,1
DA:51,53
DA:52,53
DA:53,53
DA:54,53
DA:55,53
DA:56,53
DA:57,53
DA:58,53
DA:59,53
DA:60,53
DA:61,53
DA:62,53
DA:63,53
DA:64,53
DA:65,53
DA:66,53
DA:67,53
DA:68,53
DA:69,53
DA:70,53
DA:71,53
DA:72,53
DA:73,53
DA:74,53
DA:75,53
DA:76,53
DA:77,53
DA:78,53
DA:79,53
DA:80,53
DA:81,53
DA:82,53
DA:83,53
DA:84,53
DA:85,53
DA:86,53
DA:87,53
DA:88,53
DA:89,53
DA:90,53
DA:91,53
DA:92,53
DA:93,53
DA:94,53
DA:95,53
DA:96,53
DA:97,53
DA:98,53
DA:99,53
DA:100,53
DA:101,53
DA:102,53
DA:103,10
DA:104,10
DA:105,10
DA:106,10
DA:107,10
DA:108,10
DA:109,10
DA:110,10
DA:111,10
DA:112,10
DA:113,0
DA:114,0
DA:115,0
DA:116,0
DA:117,0
DA:118,0
DA:119,0
DA:120,0
DA:121,0
DA:122,0
DA:123,10
DA:124,10
DA:125,10
DA:126,10
DA:127,10
DA:128,10
DA:129,10
DA:130,10
DA:131,10
DA:132,10
DA:133,10
DA:134,10
DA:135,10
DA:136,10
DA:137,10
DA:138,10
DA:139,10
DA:140,10
DA:141,10
DA:142,10
DA:143,2
DA:144,2
DA:145,2
DA:146,2
DA:147,2
DA:148,8
DA:149,8
DA:150,10
DA:151,53
DA:152,53
DA:153,53
DA:154,0
DA:155,0
DA:156,0
DA:157,0
DA:158,0
DA:159,0
DA:160,0
DA:161,0
DA:162,0
DA:163,0
DA:164,0
DA:165,0
DA:166,0
DA:167,0
DA:168,0
DA:169,0
DA:170,0
DA:171,0
DA:172,0
DA:173,0
DA:174,0
DA:175,53
DA:176,53
DA:177,53
DA:178,0
DA:179,0
DA:180,0
DA:181,53
DA:182,53
DA:183,53
DA:184,53
DA:185,53
DA:186,53
DA:187,53
DA:188,0
DA:189,0
DA:190,0
DA:191,0
DA:192,0
DA:193,0
DA:194,0
DA:195,0
DA:196,0
DA:197,0
DA:198,0
DA:199,0
DA:200,0
DA:201,0
DA:202,0
DA:203,0
DA:204,0
DA:205,0
DA:206,0
DA:207,0
DA:208,0
DA:209,0
DA:210,0
DA:211,0
DA:212,0
DA:213,0
DA:214,0
DA:215,0
DA:216,0
DA:217,0
DA:218,0
DA:219,0
DA:220,0
DA:221,0
DA:222,0
DA:223,0
DA:224,0
DA:225,0
DA:226,0
DA:227,0
DA:228,0
DA:229,0
DA:230,0
DA:231,0
DA:232,0
DA:233,0
DA:234,0
DA:235,0
DA:236,0
DA:237,0
DA:238,0
DA:239,0
DA:240,0
DA:241,0
DA:242,0
DA:243,0
DA:244,0
DA:245,0
DA:246,0
DA:247,0
DA:248,0
DA:249,0
DA:250,0
DA:251,0
DA:252,0
DA:253,0
DA:254,0
DA:255,0
DA:256,0
DA:257,0
DA:258,0
DA:259,0
DA:260,0
DA:261,0
DA:262,0
DA:263,0
DA:264,0
DA:265,0
DA:266,0
DA:267,0
DA:268,0
DA:269,0
DA:270,0
DA:271,0
DA:272,0
DA:273,0
DA:274,53
DA:275,53
DA:276,53
DA:277,19
DA:278,19
DA:279,1
DA:280,1
DA:281,2
DA:282,2
DA:283,1
DA:284,1
DA:285,1
DA:286,53
DA:287,53
DA:288,53
DA:289,53
DA:290,40
DA:291,21
DA:292,21
DA:293,53
DA:294,53
DA:295,53
DA:296,53
DA:297,40
DA:298,53
DA:299,53
DA:300,53
DA:301,53
DA:302,53
DA:303,19
DA:304,0
DA:305,0
DA:306,0
DA:307,0
DA:308,0
DA:309,19
DA:310,53
DA:311,53
DA:312,53
DA:313,53
DA:314,53
DA:315,0
DA:316,0
DA:317,0
DA:318,0
DA:319,0
DA:320,0
DA:321,0
DA:322,0
DA:323,0
DA:324,0
DA:325,0
DA:326,0
DA:327,0
DA:328,0
DA:329,0
DA:330,0
DA:331,0
DA:332,0
DA:333,0
DA:334,0
DA:335,0
DA:336,0
DA:337,0
DA:338,0
DA:339,0
DA:340,0
DA:341,0
DA:342,0
DA:343,0
DA:344,0
DA:345,0
DA:346,0
DA:347,0
DA:348,0
DA:349,0
DA:350,0
DA:351,0
DA:352,0
DA:353,0
DA:354,0
DA:355,0
DA:356,0
DA:357,0
DA:358,0
DA:359,0
DA:360,0
DA:361,0
DA:362,0
DA:363,0
DA:364,0
DA:365,0
DA:366,0
DA:367,0
DA:368,0
DA:369,0
DA:370,0
DA:371,0
DA:372,0
DA:373,0
DA:374,0
DA:375,0
DA:376,0
DA:377,0
DA:378,53
DA:379,53
DA:380,53
DA:381,53
DA:382,53
DA:383,53
DA:384,53
DA:385,53
DA:386,53
DA:387,53
DA:388,53
DA:389,53
DA:390,53
DA:391,53
DA:392,53
DA:393,53
DA:394,53
DA:395,53
DA:396,0
DA:397,0
DA:398,0
DA:399,0
DA:400,0
DA:401,0
DA:402,0
DA:403,0
DA:404,0
DA:405,0
DA:406,0
DA:407,0
DA:408,0
DA:409,0
DA:410,0
DA:411,0
DA:412,0
DA:413,0
DA:414,0
DA:415,0
DA:416,0
DA:417,0
DA:418,0
DA:419,0
DA:420,0
DA:421,0
DA:422,0
DA:423,0
DA:424,0
DA:425,0
DA:426,0
DA:427,0
DA:428,0
DA:429,0
DA:430,0
DA:431,0
DA:432,0
DA:433,0
DA:434,0
DA:435,0
DA:436,0
DA:437,0
DA:438,0
DA:439,0
DA:440,0
DA:441,0
DA:442,0
DA:443,0
DA:444,0
DA:445,0
DA:446,0
DA:447,0
DA:448,0
DA:449,0
DA:450,0
DA:451,0
DA:452,0
DA:453,0
DA:454,0
DA:455,53
DA:456,53
DA:457,53
DA:458,53
DA:459,19
DA:460,0
DA:461,0
DA:462,0
DA:463,0
DA:464,0
DA:465,0
DA:466,0
DA:467,0
DA:468,0
DA:469,0
DA:470,0
DA:471,0
DA:472,0
DA:473,0
DA:474,0
DA:475,0
DA:476,0
DA:477,0
DA:478,53
DA:479,53
DA:480,53
DA:481,53
DA:482,10
DA:483,10
DA:484,10
DA:485,10
DA:486,10
DA:487,53
DA:488,53
DA:489,53
DA:490,10
DA:491,10
DA:492,10
DA:493,10
DA:494,10
DA:495,10
DA:496,10
DA:497,10
DA:498,10
DA:499,10
DA:500,10
DA:501,10
DA:502,10
DA:503,10
DA:504,10
DA:505,10
DA:506,10
DA:507,10
DA:508,10
DA:509,10
DA:510,0
DA:511,0
DA:512,0
DA:513,0
DA:514,0
DA:515,0
DA:516,0
DA:517,0
DA:518,0
DA:519,0
DA:520,0
DA:521,0
DA:522,0
DA:523,0
DA:524,0
DA:525,0
DA:526,0
DA:527,0
DA:528,0
DA:529,0
DA:530,0
DA:531,0
DA:532,0
DA:533,0
DA:534,0
DA:535,0
DA:536,0
DA:537,0
DA:538,0
DA:539,0
DA:540,0
DA:541,0
DA:542,0
DA:543,0
DA:544,0
DA:545,0
DA:546,0
DA:547,0
DA:548,0
DA:549,0
DA:550,0
DA:551,0
DA:552,0
DA:553,0
DA:554,0
DA:555,0
DA:556,0
DA:557,0
DA:558,0
DA:559,0
DA:560,0
DA:561,0
DA:562,0
DA:563,0
DA:564,0
DA:565,0
DA:566,0
DA:567,0
DA:568,0
DA:569,0
DA:570,0
DA:571,0
DA:572,10
DA:573,10
DA:574,10
DA:575,10
DA:576,10
DA:577,10
DA:578,10
DA:579,10
DA:580,10
DA:581,10
DA:582,0
DA:583,0
DA:584,0
DA:585,0
DA:586,0
DA:587,0
DA:588,0
DA:589,0
DA:590,0
DA:591,0
DA:592,0
DA:593,0
DA:594,0
DA:595,0
DA:596,0
DA:597,0
DA:598,0
DA:599,0
DA:600,0
DA:601,0
DA:602,0
DA:603,0
DA:604,0
DA:605,0
DA:606,0
DA:607,0
DA:608,0
DA:609,0
DA:610,0
DA:611,0
DA:612,0
DA:613,0
DA:614,0
DA:615,0
DA:616,0
DA:617,0
DA:618,0
DA:619,0
DA:620,0
DA:621,0
DA:622,0
DA:623,0
DA:624,0
DA:625,0
DA:626,0
DA:627,0
DA:628,0
DA:629,0
DA:630,0
DA:631,0
DA:632,0
DA:633,0
DA:634,0
DA:635,0
DA:636,0
DA:637,0
DA:638,0
DA:639,0
DA:640,0
DA:641,0
DA:642,0
DA:643,0
DA:644,0
DA:645,0
DA:646,0
DA:647,0
DA:648,0
DA:649,0
DA:650,0
DA:651,0
DA:652,0
DA:653,0
DA:654,0
DA:655,0
DA:656,0
DA:657,0
DA:658,0
DA:659,0
DA:660,0
DA:661,0
DA:662,0
DA:663,0
DA:664,0
DA:665,0
DA:666,0
DA:667,0
DA:668,0
DA:669,0
DA:670,0
DA:671,0
DA:672,0
DA:673,0
DA:674,0
DA:675,0
DA:676,0
DA:677,0
DA:678,0
DA:679,0
DA:680,0
DA:681,0
DA:682,0
DA:683,0
DA:684,0
DA:685,0
DA:686,0
DA:687,0
DA:688,0
DA:689,0
DA:690,0
DA:691,0
DA:692,0
DA:693,0
DA:694,0
DA:695,0
DA:696,0
DA:697,0
DA:698,0
DA:699,0
DA:700,0
DA:701,0
DA:702,0
DA:703,0
DA:704,0
DA:705,0
DA:706,0
DA:707,0
DA:708,0
DA:709,0
DA:710,0
DA:711,0
DA:712,0
DA:713,0
DA:714,0
DA:715,0
DA:716,0
DA:717,0
DA:718,0
DA:719,0
DA:720,0
DA:721,0
DA:722,0
DA:723,0
DA:724,0
DA:725,0
DA:726,0
DA:727,0
DA:728,0
DA:729,0
DA:730,0
DA:731,0
DA:732,0
DA:733,0
DA:734,0
DA:735,0
DA:736,0
DA:737,0
DA:738,0
DA:739,0
DA:740,0
DA:741,0
DA:742,0
DA:743,0
DA:744,0
DA:745,0
DA:746,0
DA:747,0
DA:748,0
DA:749,0
DA:750,0
DA:751,0
DA:752,0
DA:753,0
DA:754,0
DA:755,0
DA:756,0
DA:757,0
DA:758,0
DA:759,0
DA:760,0
DA:761,0
DA:762,0
DA:763,0
DA:764,0
DA:765,0
DA:766,0
DA:767,0
DA:768,0
DA:769,0
DA:770,0
DA:771,0
DA:772,0
DA:773,0
DA:774,0
DA:775,0
DA:776,0
DA:777,0
DA:778,0
DA:779,0
DA:780,0
DA:781,0
DA:782,0
DA:783,0
DA:784,0
DA:785,0
DA:786,0
DA:787,0
DA:788,0
DA:789,0
DA:790,0
DA:791,0
DA:792,0
DA:793,0
DA:794,0
DA:795,0
DA:796,0
DA:797,0
DA:798,0
DA:799,0
DA:800,0
DA:801,0
DA:802,0
DA:803,0
DA:804,0
DA:805,0
DA:806,0
DA:807,0
DA:808,0
DA:809,0
DA:810,0
DA:811,0
DA:812,0
DA:813,0
DA:814,0
DA:815,0
DA:816,0
DA:817,0
DA:818,0
DA:819,0
DA:820,0
DA:821,0
DA:822,0
DA:823,0
DA:824,0
DA:825,0
DA:826,0
DA:827,0
DA:828,0
DA:829,0
DA:830,0
DA:831,0
DA:832,0
DA:833,0
DA:834,0
DA:835,0
DA:836,10
DA:837,10
DA:838,10
DA:839,10
DA:840,10
DA:841,10
DA:842,10
DA:843,10
DA:844,10
DA:845,10
DA:846,10
DA:847,0
DA:848,0
DA:849,0
DA:850,0
DA:851,0
DA:852,0
DA:853,0
DA:854,10
DA:855,10
DA:856,10
DA:857,10
DA:858,10
DA:859,10
DA:860,0
DA:861,0
DA:862,10
DA:863,10
DA:864,0
DA:865,0
DA:866,0
DA:867,0
DA:868,0
DA:869,0
DA:870,0
DA:871,0
DA:872,0
DA:873,0
DA:874,0
DA:875,10
DA:876,10
DA:877,10
DA:878,10
DA:879,10
DA:880,10
DA:881,10
DA:882,2
DA:883,2
DA:884,2
DA:885,2
DA:886,10
DA:887,10
DA:888,10
DA:889,10
DA:890,0
DA:891,0
DA:892,0
DA:893,0
DA:894,0
DA:895,0
DA:896,0
DA:897,0
DA:898,0
DA:899,0
DA:900,0
DA:901,0
DA:902,10
DA:903,10
DA:904,10
DA:905,10
DA:906,10
DA:907,10
DA:908,10
DA:909,8
DA:910,8
DA:911,8
DA:912,8
DA:913,8
DA:914,8
DA:915,8
DA:916,8
DA:917,8
DA:918,8
DA:919,8
DA:920,8
DA:921,8
DA:922,8
DA:923,8
DA:924,8
DA:925,8
DA:926,8
DA:927,8
DA:928,8
DA:929,8
DA:930,8
DA:931,8
DA:932,8
DA:933,8
DA:934,8
DA:935,8
DA:936,8
DA:937,8
DA:938,8
DA:939,8
DA:940,8
DA:941,8
DA:942,8
DA:943,10
DA:944,0
DA:945,0
DA:946,0
DA:947,0
DA:948,0
DA:949,0
DA:950,0
DA:951,0
DA:952,0
DA:953,0
DA:954,8
DA:955,8
DA:956,10
DA:957,0
DA:958,0
DA:959,0
DA:960,0
DA:961,8
DA:962,8
DA:963,10
DA:964,0
DA:965,0
DA:966,0
DA:967,0
DA:968,8
DA:969,8
DA:970,10
DA:971,0
DA:972,0
DA:973,0
DA:974,0
DA:975,0
DA:976,0
DA:977,0
DA:978,8
DA:979,8
DA:980,8
DA:981,8
DA:982,10
DA:983,1
DA:984,1
DA:985,1
DA:986,1
DA:987,0
DA:988,0
DA:989,0
DA:990,0
DA:991,0
DA:992,1
DA:993,1
DA:994,1
DA:995,1
DA:996,1
DA:997,1
DA:998,1
DA:999,1
DA:1000,1
DA:1001,1
DA:1002,1
DA:1003,1
DA:1004,1
DA:1005,1
DA:1006,1
DA:1007,1
DA:1008,1
DA:1009,1
DA:1010,1
DA:1011,1
DA:1012,1
DA:1013,1
DA:1014,1
DA:1015,1
DA:1016,1
DA:1017,1
DA:1018,1
DA:1019,1
DA:1020,1
DA:1021,1
DA:1022,1
DA:1023,1
DA:1024,1
DA:1025,0
DA:1026,0
DA:1027,1
DA:1028,1
DA:1029,1
DA:1030,1
DA:1031,1
DA:1032,1
DA:1033,1
DA:1034,1
DA:1035,1
DA:1036,1
DA:1037,1
DA:1038,1
DA:1039,1
DA:1040,0
DA:1041,0
DA:1042,0
DA:1043,1
DA:1044,1
DA:1045,1
DA:1046,1
DA:1047,1
DA:1048,1
DA:1049,1
DA:1050,1
DA:1051,1
DA:1052,1
DA:1053,1
DA:1054,1
DA:1055,1
DA:1056,1
DA:1057,1
DA:1058,1
DA:1059,1
DA:1060,1
DA:1061,1
DA:1062,1
DA:1063,1
DA:1064,1
DA:1065,1
DA:1066,1
DA:1067,0
DA:1068,1
DA:1069,0
DA:1070,1
DA:1071,1
DA:1072,1
DA:1073,1
DA:1074,1
DA:1075,1
DA:1076,1
DA:1077,1
DA:1078,1
DA:1079,1
DA:1080,1
DA:1081,1
DA:1082,0
DA:1083,0
DA:1084,0
DA:1085,1
DA:1086,1
DA:1087,1
DA:1088,1
DA:1089,0
DA:1090,0
DA:1091,0
DA:1092,0
DA:1093,0
DA:1094,1
DA:1095,1
DA:1096,1
DA:1097,1
DA:1098,1
DA:1099,0
DA:1100,0
DA:1101,0
DA:1102,0
DA:1103,1
DA:1104,1
DA:1105,1
DA:1106,1
DA:1107,1
DA:1108,1
DA:1109,1
DA:1110,1
DA:1111,1
DA:1112,1
DA:1113,0
DA:1114,0
DA:1115,0
DA:1116,1
DA:1117,1
DA:1118,1
DA:1119,1
DA:1120,1
DA:1121,1
DA:1122,1
DA:1123,1
DA:1124,1
DA:1125,1
DA:1126,1
DA:1127,1
DA:1128,1
DA:1129,1
DA:1130,0
DA:1131,0
DA:1132,0
DA:1133,0
DA:1134,0
DA:1135,1
DA:1136,1
DA:1137,1
DA:1138,1
DA:1139,1
DA:1140,1
DA:1141,1
DA:1142,0
DA:1143,1
DA:1144,1
DA:1145,1
DA:1146,1
DA:1147,1
DA:1148,1
DA:1149,1
DA:1150,1
DA:1151,1
DA:1152,1
DA:1153,1
DA:1154,1
DA:1155,1
DA:1156,1
DA:1157,1
DA:1158,1
DA:1159,1
DA:1160,1
DA:1161,1
DA:1162,1
DA:1163,1
DA:1164,1
DA:1165,1
DA:1166,1
DA:1167,1
DA:1168,1
DA:1169,1
DA:1170,1
DA:1171,1
DA:1172,1
DA:1173,1
DA:1174,0
DA:1175,0
DA:1176,0
DA:1177,0
DA:1178,1
DA:1179,1
DA:1180,1
DA:1181,0
DA:1182,0
DA:1183,0
DA:1184,0
DA:1185,0
DA:1186,0
DA:1187,0
DA:1188,1
DA:1189,1
DA:1190,0
DA:1191,0
DA:1192,0
DA:1193,1
DA:1194,1
DA:1195,1
DA:1196,0
DA:1197,0
DA:1198,0
DA:1199,0
DA:1200,0
DA:1201,1
DA:1202,1
DA:1203,1
DA:1204,1
DA:1205,1
DA:1206,1
DA:1207,1
DA:1208,1
DA:1209,1
DA:1210,1
DA:1211,1
DA:1212,1
DA:1213,1
DA:1214,1
DA:1215,0
DA:1216,1
DA:1217,1
DA:1218,10
DA:1219,2
DA:1220,2
DA:1221,2
DA:1222,2
DA:1223,2
DA:1224,2
DA:1225,2
DA:1226,2
DA:1227,2
DA:1228,2
DA:1229,10
DA:1230,10
DA:1231,10
DA:1232,10
DA:1233,53
DA:1234,53
DA:1235,53
DA:1236,53
DA:1237,0
DA:1238,0
DA:1239,0
DA:1240,0
DA:1241,0
DA:1242,0
DA:1243,0
DA:1244,0
DA:1245,0
DA:1246,0
DA:1247,0
DA:1248,0
DA:1249,0
DA:1250,0
DA:1251,53
DA:1252,53
DA:1253,53
DA:1254,0
DA:1255,0
DA:1256,0
DA:1257,0
DA:1258,0
DA:1259,0
DA:1260,0
DA:1261,0
DA:1262,0
DA:1263,0
DA:1264,0
DA:1265,0
DA:1266,53
DA:1267,53
DA:1268,53
DA:1269,0
DA:1270,0
DA:1271,0
DA:1272,0
DA:1273,0
DA:1274,0
DA:1275,0
DA:1276,0
DA:1277,0
DA:1278,0
DA:1279,0
DA:1280,0
DA:1281,0
DA:1282,0
DA:1283,53
DA:1284,53
DA:1285,53
DA:1286,53
DA:1287,0
DA:1288,0
DA:1289,0
DA:1290,0
DA:1291,0
DA:1292,0
DA:1293,0
DA:1294,0
DA:1295,0
DA:1296,0
DA:1297,0
DA:1298,0
DA:1299,0
DA:1300,0
DA:1301,0
DA:1302,0
DA:1303,0
DA:1304,0
DA:1305,0
DA:1306,0
DA:1307,0
DA:1308,0
DA:1309,0
DA:1310,0
DA:1311,0
DA:1312,0
DA:1313,0
DA:1314,0
DA:1315,0
DA:1316,0
DA:1317,0
DA:1318,0
DA:1319,0
DA:1320,0
DA:1321,0
DA:1322,0
DA:1323,0
DA:1324,0
DA:1325,0
DA:1326,0
DA:1327,0
DA:1328,0
DA:1329,0
DA:1330,0
DA:1331,0
DA:1332,0
DA:1333,0
DA:1334,0
DA:1335,0
DA:1336,0
DA:1337,0
DA:1338,0
DA:1339,0
DA:1340,0
DA:1341,0
DA:1342,0
DA:1343,0
DA:1344,0
DA:1345,0
DA:1346,0
DA:1347,0
DA:1348,0
DA:1349,0
DA:1350,0
DA:1351,0
DA:1352,0
DA:1353,0
DA:1354,0
DA:1355,0
DA:1356,0
DA:1357,0
DA:1358,0
DA:1359,0
DA:1360,0
DA:1361,0
DA:1362,0
DA:1363,0
DA:1364,0
DA:1365,0
DA:1366,0
DA:1367,0
DA:1368,0
DA:1369,0
DA:1370,0
DA:1371,0
DA:1372,0
DA:1373,0
DA:1374,0
DA:1375,0
DA:1376,0
DA:1377,0
DA:1378,0
DA:1379,0
DA:1380,0
DA:1381,0
DA:1382,0
DA:1383,0
DA:1384,0
DA:1385,0
DA:1386,0
DA:1387,0
DA:1388,0
DA:1389,0
DA:1390,0
DA:1391,0
DA:1392,0
DA:1393,0
DA:1394,0
DA:1395,0
DA:1396,0
DA:1397,0
DA:1398,0
DA:1399,0
DA:1400,0
DA:1401,0
DA:1402,0
DA:1403,0
DA:1404,0
DA:1405,0
DA:1406,0
DA:1407,0
DA:1408,0
DA:1409,0
DA:1410,0
DA:1411,0
DA:1412,0
DA:1413,0
DA:1414,0
DA:1415,0
DA:1416,0
DA:1417,0
DA:1418,0
DA:1419,0
DA:1420,0
DA:1421,0
DA:1422,0
DA:1423,0
DA:1424,0
DA:1425,0
DA:1426,0
DA:1427,0
DA:1428,0
DA:1429,0
DA:1430,0
DA:1431,0
DA:1432,0
DA:1433,0
DA:1434,0
DA:1435,0
DA:1436,0
DA:1437,0
DA:1438,0
DA:1439,0
DA:1440,0
DA:1441,0
DA:1442,0
DA:1443,0
DA:1444,0
DA:1445,0
DA:1446,0
DA:1447,0
DA:1448,0
DA:1449,0
DA:1450,0
DA:1451,0
DA:1452,0
DA:1453,0
DA:1454,0
DA:1455,0
DA:1456,0
DA:1457,0
DA:1458,0
DA:1459,0
DA:1460,0
DA:1461,0
DA:1462,0
DA:1463,0
DA:1464,53
DA:1465,53
DA:1466,0
DA:1467,0
DA:1468,53
DA:1469,53
DA:1470,53
DA:1471,53
DA:1472,0
DA:1473,0
DA:1474,0
DA:1475,0
DA:1476,0
DA:1477,0
DA:1478,0
DA:1479,0
DA:1480,0
DA:1481,0
DA:1482,0
DA:1483,0
DA:1484,0
DA:1485,0
DA:1486,0
DA:1487,0
DA:1488,0
DA:1489,0
DA:1490,0
DA:1491,0
DA:1492,0
DA:1493,0
DA:1494,0
DA:1495,0
DA:1496,0
DA:1497,0
DA:1498,0
DA:1499,53
DA:1500,53
DA:1501,53
DA:1502,0
DA:1503,0
DA:1504,0
DA:1505,0
DA:1506,0
DA:1507,0
DA:1508,0
DA:1509,0
DA:1510,0
DA:1511,0
DA:1512,0
DA:1513,0
DA:1514,0
DA:1515,0
DA:1516,0
DA:1517,0
DA:1518,0
DA:1519,0
DA:1520,0
DA:1521,0
DA:1522,0
DA:1523,0
DA:1524,0
DA:1525,0
DA:1526,0
DA:1527,0
DA:1528,53
DA:1529,53
DA:1530,53
DA:1531,0
DA:1532,0
DA:1533,0
DA:1534,0
DA:1535,0
DA:1536,0
DA:1537,0
DA:1538,0
DA:1539,0
DA:1540,0
DA:1541,0
DA:1542,0
DA:1543,0
DA:1544,0
DA:1545,0
DA:1546,0
DA:1547,0
DA:1548,0
DA:1549,0
DA:1550,0
DA:1551,0
DA:1552,0
DA:1553,0
DA:1554,0
DA:1555,0
DA:1556,0
DA:1557,0
DA:1558,0
DA:1559,0
DA:1560,0
DA:1561,0
DA:1562,0
DA:1563,0
DA:1564,0
DA:1565,0
DA:1566,0
DA:1567,0
DA:1568,0
DA:1569,0
DA:1570,0
DA:1571,0
DA:1572,0
DA:1573,0
DA:1574,0
DA:1575,53
DA:1576,53
DA:1577,53
DA:1578,0
DA:1579,0
DA:1580,0
DA:1581,0
DA:1582,0
DA:1583,0
DA:1584,0
DA:1585,0
DA:1586,0
DA:1587,0
DA:1588,0
DA:1589,0
DA:1590,0
DA:1591,0
DA:1592,0
DA:1593,0
DA:1594,0
DA:1595,0
DA:1596,0
DA:1597,0
DA:1598,0
DA:1599,0
DA:1600,0
DA:1601,0
DA:1602,0
DA:1603,0
DA:1604,0
DA:1605,0
DA:1606,0
DA:1607,0
DA:1608,0
DA:1609,0
DA:1610,0
DA:1611,0
DA:1612,0
DA:1613,53
DA:1614,53
DA:1615,53
DA:1616,0
DA:1617,0
DA:1618,0
DA:1619,0
DA:1620,0
DA:1621,0
DA:1622,0
DA:1623,0
DA:1624,0
DA:1625,0
DA:1626,0
DA:1627,0
DA:1628,0
DA:1629,0
DA:1630,0
DA:1631,0
DA:1632,0
DA:1633,0
DA:1634,0
DA:1635,0
DA:1636,0
DA:1637,0
DA:1638,0
DA:1639,53
DA:1640,53
DA:1641,53
DA:1642,0
DA:1643,0
DA:1644,0
DA:1645,0
DA:1646,0
DA:1647,0
DA:1648,0
DA:1649,0
DA:1650,0
DA:1651,0
DA:1652,0
DA:1653,0
DA:1654,0
DA:1655,0
DA:1656,0
DA:1657,0
DA:1658,0
DA:1659,0
DA:1660,0
DA:1661,0
DA:1662,0
DA:1663,0
DA:1664,0
DA:1665,0
DA:1666,0
DA:1667,0
DA:1668,0
DA:1669,0
DA:1670,0
DA:1671,0
DA:1672,0
DA:1673,0
DA:1674,0
DA:1675,0
DA:1676,0
DA:1677,0
DA:1678,0
DA:1679,0
DA:1680,0
DA:1681,0
DA:1682,53
DA:1683,53
DA:1684,53
DA:1685,0
DA:1686,0
DA:1687,0
DA:1688,0
DA:1689,0
DA:1690,0
DA:1691,0
DA:1692,0
DA:1693,0
DA:1694,0
DA:1695,0
DA:1696,0
DA:1697,0
DA:1698,0
DA:1699,0
DA:1700,0
DA:1701,0
DA:1702,0
DA:1703,0
DA:1704,0
DA:1705,0
DA:1706,0
DA:1707,0
DA:1708,0
DA:1709,53
DA:1710,53
DA:1711,53
DA:1712,19
DA:1713,19
DA:1714,0
DA:1715,0
DA:1716,0
DA:1717,0
DA:1718,19
DA:1719,19
DA:1720,19
DA:1721,19
DA:1722,0
DA:1723,0
DA:1724,19
DA:1725,53
DA:1726,53
DA:1727,53
DA:1728,53
DA:1729,0
DA:1730,0
DA:1731,0
DA:1732,0
DA:1733,0
DA:1734,0
DA:1735,0
DA:1736,0
DA:1737,0
DA:1738,0
DA:1739,0
DA:1740,0
DA:1741,0
DA:1742,0
DA:1743,0
DA:1744,0
DA:1745,0
DA:1746,0
DA:1747,0
DA:1748,0
DA:1749,0
DA:1750,0
DA:1751,0
DA:1752,0
DA:1753,0
DA:1754,0
DA:1755,0
DA:1756,0
DA:1757,0
DA:1758,0
DA:1759,0
DA:1760,0
DA:1761,0
DA:1762,0
DA:1763,0
DA:1764,0
DA:1765,0
DA:1766,0
DA:1767,0
DA:1768,0
DA:1769,0
DA:1770,0
DA:1771,0
DA:1772,0
DA:1773,0
DA:1774,0
DA:1775,0
DA:1776,0
DA:1777,0
DA:1778,0
DA:1779,0
DA:1780,0
DA:1781,0
DA:1782,0
DA:1783,0
DA:1784,0
DA:1785,0
DA:1786,0
DA:1787,0
DA:1788,0
DA:1789,0
DA:1790,0
DA:1791,0
DA:1792,0
DA:1793,0
DA:1794,0
DA:1795,0
DA:1796,0
DA:1797,0
DA:1798,0
DA:1799,0
DA:1800,0
DA:1801,0
DA:1802,0
DA:1803,0
DA:1804,0
DA:1805,0
DA:1806,0
DA:1807,0
DA:1808,0
DA:1809,0
DA:1810,0
DA:1811,0
DA:1812,0
DA:1813,0
DA:1814,0
DA:1815,0
DA:1816,0
DA:1817,0
DA:1818,0
DA:1819,0
DA:1820,0
DA:1821,0
DA:1822,0
DA:1823,0
DA:1824,0
DA:1825,0
DA:1826,0
DA:1827,0
DA:1828,0
DA:1829,0
DA:1830,0
DA:1831,0
DA:1832,0
DA:1833,0
DA:1834,0
DA:1835,0
DA:1836,0
DA:1837,0
DA:1838,0
DA:1839,0
DA:1840,0
DA:1841,53
DA:1842,53
DA:1843,53
DA:1844,53
DA:1845,53
DA:1846,53
DA:1847,53
DA:1848,53
DA:1849,53
DA:1850,53
DA:1851,53
DA:1852,53
DA:1853,53
DA:1854,53
DA:1855,53
DA:1856,53
DA:1857,53
DA:1858,53
DA:1859,53
DA:1860,53
DA:1861,53
DA:1862,53
DA:1863,53
DA:1864,53
DA:1865,53
DA:1866,53
DA:1867,53
DA:1868,53
DA:1869,53
DA:1870,53
DA:1871,53
DA:1872,53
DA:1873,53
DA:1874,53
DA:1875,53
DA:1876,53
DA:1877,53
DA:1878,53
DA:1879,53
DA:1880,53
DA:1881,53
DA:1882,53
DA:1883,53
DA:1884,53
DA:1885,53
DA:1886,53
DA:1887,53
DA:1888,53
DA:1889,53
DA:1890,53
DA:1891,53
DA:1892,53
DA:1893,53
DA:1894,53
DA:1895,53
DA:1896,53
DA:1897,53
DA:1898,53
DA:1899,53
DA:1900,53
DA:1901,53
DA:1902,53
DA:1903,53
DA:1904,53
DA:1905,31
DA:1906,31
DA:1907,31
DA:1908,31
DA:1909,31
DA:1910,31
DA:1911,155
DA:1912,155
DA:1913,155
DA:1914,155
DA:1915,155
DA:1916,155
DA:1917,155
DA:1918,155
DA:1919,155
DA:1920,155
DA:1921,155
DA:1922,155
DA:1923,155
DA:1924,155
DA:1925,155
DA:1926,155
DA:1927,155
DA:1928,155
DA:1929,155
DA:1930,155
DA:1931,155
DA:1932,155
DA:1933,155
DA:1934,155
DA:1935,31
DA:1936,31
DA:1937,31
DA:1938,53
DA:1939,53
DA:1940,53
DA:1941,53
DA:1942,53
DA:1943,53
DA:1944,53
DA:1945,53
DA:1946,53
DA:1947,53
DA:1948,53
DA:1949,53
DA:1950,53
DA:1951,53
DA:1952,53
DA:1953,53
DA:1954,53
DA:1955,53
DA:1956,53
DA:1957,53
DA:1958,53
DA:1959,53
DA:1960,53
DA:1961,53
DA:1962,31
DA:1963,31
DA:1964,31
DA:1965,0
DA:1966,31
DA:1967,31
DA:1968,31
DA:1969,21
DA:1970,21
DA:1971,21
DA:1972,33
DA:1973,33
DA:1974,33
DA:1975,33
DA:1976,33
DA:1977,33
DA:1978,0
DA:1979,0
DA:1980,0
DA:1981,0
DA:1982,0
DA:1983,0
DA:1984,33
DA:1985,33
DA:1986,33
DA:1987,33
DA:1988,33
DA:1989,33
DA:1990,33
DA:1991,33
DA:1992,1
DA:1993,1
DA:1994,1
DA:1995,1
DA:1996,1
DA:1997,1
DA:1998,1
DA:1999,1
DA:2000,1
DA:2001,1
DA:2002,1
DA:2003,1
DA:2004,1
DA:2005,1
DA:2006,1
DA:2007,1
DA:2008,1
DA:2009,1
DA:2010,1
DA:2011,1
DA:2012,1
DA:2013,1
DA:2014,1
DA:2015,1
DA:2016,1
DA:2017,1
DA:2018,1
DA:2019,1
DA:2020,1
DA:2021,1
DA:2022,1
DA:2023,1
DA:2024,1
DA:2025,1
DA:2026,1
DA:2027,1
DA:2028,1
DA:2029,1
DA:2030,1
DA:2031,1
DA:2032,1
DA:2033,0
DA:2034,0
DA:2035,0
DA:2036,0
DA:2037,0
DA:2038,0
DA:2039,0
DA:2040,0
DA:2041,0
DA:2042,0
DA:2043,0
DA:2044,0
DA:2045,0
DA:2046,0
DA:2047,0
DA:2048,0
DA:2049,0
DA:2050,0
DA:2051,0
DA:2052,0
DA:2053,1
DA:2054,1
DA:2055,1
DA:2056,1
DA:2057,1
DA:2058,1
DA:2059,0
DA:2060,0
DA:2061,0
DA:2062,0
DA:2063,0
DA:2064,0
DA:2065,0
DA:2066,0
DA:2067,0
DA:2068,0
DA:2069,0
DA:2070,0
DA:2071,0
DA:2072,0
DA:2073,0
DA:2074,0
DA:2075,0
DA:2076,0
DA:2077,0
DA:2078,0
DA:2079,0
DA:2080,0
DA:2081,0
DA:2082,0
DA:2083,0
DA:2084,0
DA:2085,0
DA:2086,0
DA:2087,0
DA:2088,0
DA:2089,0
DA:2090,0
DA:2091,0
DA:2092,0
DA:2093,0
DA:2094,0
DA:2095,0
DA:2096,0
DA:2097,0
DA:2098,0
DA:2099,0
DA:2100,0
DA:2101,0
DA:2102,0
DA:2103,0
DA:2104,0
DA:2105,0
DA:2106,0
DA:2107,0
DA:2108,0
DA:2109,0
DA:2110,0
DA:2111,0
DA:2112,0
DA:2113,0
DA:2114,0
DA:2115,0
DA:2116,0
DA:2117,0
DA:2118,0
DA:2119,0
DA:2120,0
DA:2121,1
DA:2122,1
DA:2123,32
DA:2124,32
DA:2125,32
DA:2126,32
DA:2127,32
DA:2128,32
DA:2129,21
DA:2130,11
DA:2131,32
DA:2132,32
DA:2133,32
DA:2134,32
DA:2135,32
DA:2136,32
DA:2137,32
DA:2138,32
DA:2139,32
DA:2140,32
DA:2141,32
DA:2142,32
DA:2143,21
DA:2144,11
DA:2145,32
DA:2146,32
DA:2147,32
DA:2148,32
DA:2149,32
DA:2150,32
DA:2151,32
DA:2152,32
DA:2153,32
DA:2154,32
DA:2155,32
DA:2156,32
DA:2157,32
DA:2158,32
DA:2159,32
DA:2160,32
DA:2161,32
DA:2162,32
DA:2163,32
DA:2164,32
DA:2165,32
DA:2166,32
DA:2167,32
DA:2168,32
DA:2169,32
DA:2170,32
DA:2171,0
DA:2172,0
DA:2173,0
DA:2174,0
DA:2175,0
DA:2176,0
DA:2177,0
DA:2178,0
DA:2179,0
DA:2180,0
DA:2181,0
DA:2182,0
DA:2183,0
DA:2184,0
DA:2185,0
DA:2186,0
DA:2187,0
DA:2188,0
DA:2189,0
DA:2190,0
DA:2191,0
DA:2192,0
DA:2193,0
DA:2194,0
DA:2195,0
DA:2196,0
DA:2197,0
DA:2198,0
DA:2199,0
DA:2200,0
DA:2201,0
DA:2202,0
DA:2203,0
DA:2204,0
DA:2205,0
DA:2206,0
DA:2207,0
DA:2208,0
DA:2209,0
DA:2210,0
DA:2211,0
DA:2212,0
DA:2213,0
DA:2214,0
DA:2215,0
DA:2216,0
DA:2217,0
DA:2218,0
DA:2219,0
DA:2220,0
DA:2221,0
DA:2222,0
DA:2223,0
DA:2224,0
DA:2225,0
DA:2226,0
DA:2227,0
DA:2228,0
DA:2229,0
DA:2230,0
DA:2231,0
DA:2232,0
DA:2233,0
DA:2234,0
DA:2235,0
DA:2236,0
DA:2237,0
DA:2238,0
DA:2239,0
DA:2240,0
DA:2241,0
DA:2242,0
DA:2243,0
DA:2244,0
DA:2245,0
DA:2246,0
DA:2247,0
DA:2248,0
DA:2249,0
DA:2250,0
DA:2251,0
DA:2252,0
DA:2253,0
DA:2254,0
DA:2255,0
DA:2256,0
DA:2257,0
DA:2258,0
DA:2259,0
DA:2260,0
DA:2261,0
DA:2262,0
DA:2263,0
DA:2264,0
DA:2265,0
DA:2266,0
DA:2267,0
DA:2268,0
DA:2269,0
DA:2270,0
DA:2271,0
DA:2272,0
DA:2273,0
DA:2274,0
DA:2275,0
DA:2276,0
DA:2277,0
DA:2278,0
DA:2279,0
DA:2280,0
DA:2281,0
DA:2282,0
DA:2283,0
DA:2284,0
DA:2285,0
DA:2286,0
DA:2287,0
DA:2288,0
DA:2289,0
DA:2290,0
DA:2291,0
DA:2292,0
DA:2293,0
DA:2294,0
DA:2295,0
DA:2296,0
DA:2297,0
DA:2298,0
DA:2299,0
DA:2300,0
DA:2301,0
DA:2302,0
DA:2303,0
DA:2304,0
DA:2305,0
DA:2306,0
DA:2307,0
DA:2308,0
DA:2309,0
DA:2310,0
DA:2311,0
DA:2312,0
DA:2313,0
DA:2314,0
DA:2315,0
DA:2316,0
DA:2317,0
DA:2318,0
DA:2319,0
DA:2320,0
DA:2321,0
DA:2322,0
DA:2323,0
DA:2324,0
DA:2325,0
DA:2326,0
DA:2327,0
DA:2328,0
DA:2329,0
DA:2330,0
DA:2331,0
DA:2332,0
DA:2333,0
DA:2334,0
DA:2335,0
DA:2336,0
DA:2337,0
DA:2338,0
DA:2339,0
DA:2340,0
DA:2341,0
DA:2342,0
DA:2343,0
DA:2344,0
DA:2345,0
DA:2346,0
DA:2347,0
DA:2348,0
DA:2349,0
DA:2350,0
DA:2351,0
DA:2352,0
DA:2353,0
DA:2354,0
DA:2355,0
DA:2356,0
DA:2357,0
DA:2358,0
DA:2359,0
DA:2360,0
DA:2361,0
DA:2362,0
DA:2363,0
DA:2364,0
DA:2365,0
DA:2366,0
DA:2367,0
DA:2368,0
DA:2369,0
DA:2370,0
DA:2371,0
DA:2372,0
DA:2373,0
DA:2374,32
DA:2375,32
DA:2376,32
DA:2377,32
DA:2378,0
DA:2379,0
DA:2380,0
DA:2381,0
DA:2382,0
DA:2383,0
DA:2384,0
DA:2385,0
DA:2386,0
DA:2387,0
DA:2388,0
DA:2389,0
DA:2390,0
DA:2391,0
DA:2392,0
DA:2393,0
DA:2394,0
DA:2395,0
DA:2396,0
DA:2397,0
DA:2398,0
DA:2399,0
DA:2400,0
DA:2401,0
DA:2402,0
DA:2403,0
DA:2404,0
DA:2405,0
DA:2406,0
DA:2407,0
DA:2408,0
DA:2409,0
DA:2410,0
DA:2411,0
DA:2412,0
DA:2413,0
DA:2414,0
DA:2415,0
DA:2416,0
DA:2417,0
DA:2418,0
DA:2419,0
DA:2420,0
DA:2421,0
DA:2422,0
DA:2423,0
DA:2424,0
DA:2425,0
DA:2426,0
DA:2427,0
DA:2428,0
DA:2429,0
DA:2430,0
DA:2431,0
DA:2432,0
DA:2433,0
DA:2434,0
DA:2435,0
DA:2436,0
DA:2437,0
DA:2438,0
DA:2439,0
DA:2440,0
DA:2441,0
DA:2442,0
DA:2443,0
DA:2444,0
DA:2445,0
DA:2446,0
DA:2447,0
DA:2448,0
DA:2449,0
DA:2450,0
DA:2451,0
DA:2452,0
DA:2453,0
DA:2454,0
DA:2455,0
DA:2456,0
DA:2457,0
DA:2458,0
DA:2459,0
DA:2460,0
DA:2461,0
DA:2462,0
DA:2463,0
DA:2464,0
DA:2465,0
DA:2466,0
DA:2467,0
DA:2468,0
DA:2469,0
DA:2470,0
DA:2471,0
DA:2472,0
DA:2473,0
DA:2474,0
DA:2475,0
DA:2476,0
DA:2477,0
DA:2478,0
DA:2479,0
DA:2480,0
DA:2481,0
DA:2482,0
DA:2483,0
DA:2484,0
DA:2485,0
DA:2486,0
DA:2487,0
DA:2488,0
DA:2489,0
DA:2490,0
DA:2491,0
DA:2492,0
DA:2493,0
DA:2494,0
DA:2495,0
DA:2496,0
DA:2497,0
DA:2498,0
DA:2499,0
DA:2500,0
DA:2501,0
DA:2502,0
DA:2503,0
DA:2504,0
DA:2505,0
DA:2506,0
DA:2507,32
DA:2508,32
DA:2509,32
DA:2510,32
DA:2511,0
DA:2512,0
DA:2513,0
DA:2514,0
DA:2515,0
DA:2516,0
DA:2517,0
DA:2518,0
DA:2519,0
DA:2520,0
DA:2521,0
DA:2522,0
DA:2523,0
DA:2524,0
DA:2525,0
DA:2526,0
DA:2527,0
DA:2528,0
DA:2529,0
DA:2530,0
DA:2531,0
DA:2532,0
DA:2533,0
DA:2534,0
DA:2535,0
DA:2536,0
DA:2537,0
DA:2538,0
DA:2539,0
DA:2540,0
DA:2541,0
DA:2542,0
DA:2543,0
DA:2544,0
DA:2545,0
DA:2546,0
DA:2547,0
DA:2548,0
DA:2549,0
DA:2550,0
DA:2551,0
DA:2552,0
DA:2553,0
DA:2554,0
DA:2555,0
DA:2556,0
DA:2557,0
DA:2558,0
DA:2559,0
DA:2560,0
DA:2561,0
DA:2562,0
DA:2563,0
DA:2564,0
DA:2565,0
DA:2566,0
DA:2567,0
DA:2568,0
DA:2569,0
DA:2570,0
DA:2571,0
DA:2572,0
DA:2573,32
DA:2574,32
DA:2575,32
DA:2576,32
DA:2577,0
DA:2578,0
DA:2579,0
DA:2580,0
DA:2581,0
DA:2582,0
DA:2583,0
DA:2584,0
DA:2585,0
DA:2586,0
DA:2587,0
DA:2588,0
DA:2589,0
DA:2590,0
DA:2591,0
DA:2592,0
DA:2593,0
DA:2594,0
DA:2595,0
DA:2596,0
DA:2597,0
DA:2598,0
DA:2599,0
DA:2600,0
DA:2601,0
DA:2602,0
DA:2603,0
DA:2604,0
DA:2605,0
DA:2606,0
DA:2607,0
DA:2608,0
DA:2609,0
DA:2610,0
DA:2611,0
DA:2612,0
DA:2613,0
DA:2614,0
DA:2615,0
DA:2616,0
DA:2617,0
DA:2618,0
DA:2619,0
DA:2620,0
DA:2621,0
DA:2622,0
DA:2623,0
DA:2624,0
DA:2625,0
DA:2626,0
DA:2627,0
DA:2628,0
DA:2629,0
DA:2630,0
DA:2631,0
DA:2632,0
DA:2633,0
DA:2634,0
DA:2635,0
DA:2636,0
DA:2637,0
DA:2638,0
DA:2639,0
DA:2640,0
DA:2641,0
DA:2642,0
DA:2643,0
DA:2644,0
DA:2645,0
DA:2646,0
DA:2647,0
DA:2648,0
DA:2649,0
DA:2650,0
DA:2651,0
DA:2652,0
DA:2653,0
DA:2654,0
DA:2655,0
DA:2656,0
DA:2657,0
DA:2658,0
DA:2659,0
DA:2660,0
DA:2661,0
DA:2662,0
DA:2663,0
DA:2664,0
DA:2665,0
DA:2666,0
DA:2667,0
DA:2668,0
DA:2669,0
DA:2670,0
DA:2671,0
DA:2672,0
DA:2673,0
DA:2674,0
DA:2675,0
DA:2676,0
DA:2677,0
DA:2678,0
DA:2679,0
DA:2680,0
DA:2681,0
DA:2682,0
DA:2683,0
DA:2684,0
DA:2685,0
DA:2686,0
DA:2687,0
DA:2688,0
DA:2689,0
DA:2690,0
DA:2691,0
DA:2692,0
DA:2693,0
DA:2694,0
DA:2695,0
DA:2696,0
DA:2697,0
DA:2698,0
DA:2699,0
DA:2700,0
DA:2701,0
DA:2702,0
DA:2703,0
DA:2704,0
DA:2705,0
DA:2706,0
DA:2707,0
DA:2708,0
DA:2709,0
DA:2710,0
DA:2711,0
DA:2712,0
DA:2713,0
DA:2714,0
DA:2715,0
DA:2716,0
DA:2717,0
DA:2718,0
DA:2719,0
DA:2720,0
DA:2721,0
DA:2722,0
DA:2723,0
DA:2724,0
DA:2725,0
DA:2726,0
DA:2727,0
DA:2728,0
DA:2729,0
DA:2730,0
DA:2731,0
DA:2732,0
DA:2733,0
DA:2734,0
DA:2735,0
DA:2736,0
DA:2737,0
DA:2738,0
DA:2739,0
DA:2740,0
DA:2741,0
DA:2742,0
DA:2743,0
DA:2744,0
DA:2745,0
DA:2746,0
DA:2747,0
DA:2748,0
DA:2749,0
DA:2750,0
DA:2751,0
DA:2752,0
DA:2753,0
DA:2754,0
DA:2755,0
DA:2756,0
DA:2757,0
DA:2758,0
DA:2759,0
DA:2760,0
DA:2761,0
DA:2762,0
DA:2763,0
DA:2764,0
DA:2765,0
DA:2766,0
DA:2767,0
DA:2768,0
DA:2769,0
DA:2770,0
DA:2771,0
DA:2772,0
DA:2773,0
DA:2774,0
DA:2775,0
DA:2776,0
DA:2777,0
DA:2778,0
DA:2779,0
DA:2780,0
DA:2781,0
DA:2782,0
DA:2783,0
DA:2784,0
DA:2785,0
DA:2786,0
DA:2787,0
DA:2788,0
DA:2789,0
DA:2790,0
DA:2791,0
DA:2792,0
DA:2793,32
DA:2794,32
DA:2795,32
DA:2796,32
DA:2797,0
DA:2798,0
DA:2799,0
DA:2800,0
DA:2801,0
DA:2802,0
DA:2803,0
DA:2804,0
DA:2805,0
DA:2806,0
DA:2807,0
DA:2808,0
DA:2809,0
DA:2810,0
DA:2811,0
DA:2812,0
DA:2813,0
DA:2814,0
DA:2815,0
DA:2816,0
DA:2817,0
DA:2818,0
DA:2819,0
DA:2820,0
DA:2821,0
DA:2822,0
DA:2823,0
DA:2824,0
DA:2825,0
DA:2826,0
DA:2827,0
DA:2828,0
DA:2829,0
DA:2830,0
DA:2831,0
DA:2832,0
DA:2833,0
DA:2834,0
DA:2835,0
DA:2836,0
DA:2837,0
DA:2838,0
DA:2839,0
DA:2840,0
DA:2841,0
DA:2842,0
DA:2843,0
DA:2844,0
DA:2845,0
DA:2846,0
DA:2847,0
DA:2848,0
DA:2849,0
DA:2850,0
DA:2851,0
DA:2852,0
DA:2853,0
DA:2854,0
DA:2855,0
DA:2856,0
DA:2857,0
DA:2858,0
DA:2859,0
DA:2860,0
DA:2861,0
DA:2862,0
DA:2863,0
DA:2864,0
DA:2865,0
DA:2866,0
DA:2867,0
DA:2868,0
DA:2869,0
DA:2870,0
DA:2871,0
DA:2872,0
DA:2873,0
DA:2874,0
DA:2875,0
DA:2876,0
DA:2877,0
DA:2878,0
DA:2879,0
DA:2880,0
DA:2881,0
DA:2882,0
DA:2883,0
DA:2884,0
DA:2885,0
DA:2886,0
DA:2887,0
DA:2888,0
DA:2889,0
DA:2890,0
DA:2891,0
DA:2892,0
DA:2893,0
DA:2894,0
DA:2895,0
DA:2896,0
DA:2897,0
DA:2898,0
DA:2899,0
DA:2900,0
DA:2901,0
DA:2902,0
DA:2903,0
DA:2904,0
DA:2905,0
DA:2906,32
DA:2907,32
DA:2908,33
DA:2909,33
DA:2910,33
DA:2911,21
DA:2912,21
DA:2913,21
DA:2914,21
DA:2915,10
DA:2916,10
DA:2917,10
DA:2918,10
DA:2919,10
DA:2920,10
DA:2921,10
DA:2922,10
DA:2923,10
DA:2924,10
DA:2925,10
DA:2926,10
DA:2927,30
DA:2928,30
DA:2929,30
DA:2930,30
DA:2931,30
DA:2932,30
DA:2933,30
DA:2934,30
DA:2935,30
DA:2936,30
DA:2937,30
DA:2938,30
DA:2939,30
DA:2940,30
DA:2941,30
DA:2942,30
DA:2943,30
DA:2944,30
DA:2945,10
DA:2946,10
DA:2947,10
DA:2948,21
DA:2949,21
DA:2950,21
DA:2951,21
DA:2952,53
DA:2953,53
DA:2954,53
DA:2955,53
DA:2956,53
DA:2957,53
DA:2958,53
DA:2959,53
DA:2960,53
DA:2961,53
DA:2962,53
DA:2963,53
DA:2964,53
DA:2965,53
DA:2966,53
DA:2967,53
DA:2968,53
DA:2969,53
DA:2970,53
DA:2971,53
DA:2972,53
DA:2973,53
DA:2974,53
DA:2975,1
DA:2976,1
DA:2977,1
DA:2978,1
DA:2979,1
DA:2980,53
DA:2981,0
DA:2982,0
DA:2983,0
DA:2984,0
DA:2985,0
DA:2986,0
DA:2987,0
DA:2988,0
DA:2989,0
DA:2990,0
DA:2991,0
DA:2992,53
DA:2993,53
DA:2994,0
DA:2995,52
DA:2996,53
DA:2997,53
DA:2998,53
DA:2999,53
DA:3000,53
DA:3001,53
DA:3002,53
DA:3003,53
DA:3004,53
DA:3005,53
DA:3006,53
DA:3007,53
DA:3008,53
DA:3009,53
DA:3010,53
DA:3011,53
DA:3012,53
DA:3013,53
DA:3014,53
DA:3015,53
DA:3016,53
DA:3017,53
DA:3018,53
DA:3019,53
DA:3020,53
DA:3021,53
DA:3022,53
DA:3023,53
DA:3024,53
DA:3025,53
DA:3026,53
DA:3027,53
DA:3028,53
DA:3029,53
DA:3030,53
DA:3031,53
DA:3032,53
DA:3033,53
DA:3034,53
DA:3035,53
DA:3036,53
DA:3037,53
DA:3038,53
DA:3039,53
DA:3040,53
DA:3041,53
DA:3042,53
DA:3043,53
DA:3044,53
DA:3045,53
DA:3046,53
DA:3047,53
DA:3048,53
DA:3049,53
DA:3050,0
DA:3051,0
DA:3052,0
DA:3053,0
DA:3054,0
DA:3055,0
DA:3056,0
DA:3057,0
DA:3058,0
DA:3059,0
DA:3060,0
DA:3061,0
DA:3062,0
DA:3063,0
DA:3064,0
DA:3065,0
DA:3066,0
DA:3067,0
DA:3068,0
DA:3069,0
DA:3070,0
DA:3071,0
DA:3072,0
DA:3073,0
DA:3074,53
DA:3075,53
DA:3076,53
DA:3077,53
DA:3078,0
DA:3079,0
DA:3080,0
DA:3081,0
DA:3082,0
DA:3083,0
DA:3084,0
DA:3085,0
DA:3086,0
DA:3087,0
DA:3088,0
DA:3089,0
DA:3090,0
DA:3091,0
DA:3092,0
DA:3093,0
DA:3094,0
DA:3095,0
DA:3096,0
DA:3097,0
DA:3098,0
DA:3099,0
DA:3100,0
DA:3101,0
DA:3102,0
DA:3103,0
DA:3104,0
DA:3105,0
DA:3106,0
DA:3107,0
DA:3108,0
DA:3109,0
DA:3110,0
DA:3111,0
DA:3112,0
DA:3113,0
DA:3114,0
DA:3115,0
DA:3116,0
DA:3117,0
DA:3118,0
DA:3119,0
DA:3120,0
DA:3121,0
DA:3122,53
DA:3123,53
DA:3124,53
DA:3125,53
DA:3126,53
DA:3127,53
DA:3128,53
DA:3129,53
DA:3130,53
DA:3131,53
DA:3132,0
DA:3133,52
DA:3134,53
DA:3135,53
DA:3136,53
DA:3137,53
DA:3138,53
DA:3139,53
DA:3140,53
DA:3141,53
DA:3142,53
DA:3143,53
DA:3144,53
DA:3145,53
DA:3146,53
DA:3147,53
DA:3148,53
DA:3149,0
DA:3150,52
DA:3151,53
DA:3152,53
DA:3153,53
DA:3154,0
DA:3155,52
DA:3156,53
DA:3157,53
DA:3158,0
DA:3159,52
DA:3160,53
DA:3161,53
DA:3162,53
DA:3163,53
DA:3164,53
DA:3165,0
DA:3166,52
DA:3167,53
DA:3168,53
DA:3169,53
DA:3170,53
DA:3171,53
DA:3172,53
DA:3173,53
DA:3174,53
DA:3175,53
DA:3176,53
DA:3177,53
DA:3178,0
DA:3179,0
DA:3180,0
DA:3181,0
DA:3182,0
DA:3183,0
DA:3184,0
DA:3185,0
DA:3186,0
DA:3187,0
DA:3188,0
DA:3189,0
DA:3190,0
DA:3191,52
DA:3192,52
DA:3193,52
DA:3194,53
DA:3195,53
DA:3196,53
DA:3197,53
DA:3198,53
DA:3199,53
DA:3200,53
DA:3201,53
DA:3202,53
DA:3203,53
DA:3204,53
DA:3205,53
DA:3206,53
DA:3207,53
DA:3208,53
DA:3209,53
DA:3210,53
DA:3211,53
DA:3212,53
DA:3213,53
DA:3214,53
DA:3215,53
DA:3216,53
DA:3217,53
DA:3218,53
DA:3219,53
DA:3220,53
DA:3221,53
DA:3222,53
DA:3223,53
DA:3224,53
DA:3225,53
DA:3226,53
DA:3227,53
DA:3228,53
DA:3229,53
DA:3230,53
DA:3231,53
DA:3232,53
DA:3233,53
DA:3234,53
DA:3235,53
DA:3236,53
DA:3237,0
DA:3238,0
DA:3239,0
DA:3240,0
DA:3241,0
DA:3242,0
DA:3243,0
DA:3244,0
DA:3245,0
DA:3246,0
DA:3247,0
DA:3248,0
DA:3249,0
DA:3250,0
DA:3251,0
DA:3252,0
DA:3253,0
DA:3254,0
DA:3255,0
DA:3256,0
DA:3257,0
DA:3258,0
DA:3259,0
DA:3260,0
DA:3261,0
DA:3262,0
DA:3263,0
DA:3264,0
DA:3265,0
DA:3266,0
DA:3267,0
DA:3268,0
DA:3269,0
DA:3270,0
DA:3271,0
DA:3272,0
DA:3273,0
DA:3274,0
DA:3275,0
DA:3276,0
DA:3277,0
DA:3278,0
DA:3279,0
DA:3280,0
DA:3281,0
DA:3282,0
DA:3283,0
DA:3284,0
DA:3285,0
DA:3286,0
DA:3287,0
DA:3288,0
DA:3289,0
DA:3290,0
DA:3291,0
DA:3292,0
DA:3293,0
DA:3294,0
DA:3295,0
DA:3296,0
DA:3297,0
DA:3298,0
DA:3299,0
DA:3300,0
DA:3301,0
DA:3302,0
DA:3303,0
DA:3304,0
DA:3305,0
DA:3306,0
DA:3307,0
DA:3308,0
DA:3309,0
DA:3310,0
DA:3311,0
DA:3312,0
DA:3313,0
DA:3314,0
DA:3315,0
DA:3316,0
DA:3317,0
DA:3318,0
DA:3319,0
DA:3320,0
DA:3321,0
DA:3322,0
DA:3323,0
DA:3324,0
DA:3325,0
DA:3326,0
DA:3327,0
DA:3328,0
DA:3329,0
DA:3330,0
DA:3331,0
DA:3332,0
DA:3333,0
DA:3334,0
DA:3335,0
DA:3336,0
DA:3337,0
DA:3338,0
DA:3339,0
DA:3340,0
DA:3341,0
DA:3342,0
DA:3343,0
DA:3344,0
DA:3345,0
DA:3346,0
DA:3347,0
DA:3348,0
DA:3349,0
DA:3350,0
DA:3351,0
DA:3352,53
DA:3353,53
DA:3354,53
DA:3355,53
DA:3356,0
DA:3357,0
DA:3358,0
DA:3359,0
DA:3360,0
DA:3361,0
DA:3362,0
DA:3363,0
DA:3364,0
DA:3365,0
DA:3366,0
DA:3367,0
DA:3368,0
DA:3369,0
DA:3370,0
DA:3371,0
DA:3372,0
DA:3373,0
DA:3374,0
DA:3375,0
DA:3376,0
DA:3377,0
DA:3378,0
DA:3379,0
DA:3380,0
DA:3381,0
DA:3382,0
DA:3383,0
DA:3384,0
DA:3385,0
DA:3386,0
DA:3387,0
DA:3388,0
DA:3389,0
DA:3390,0
DA:3391,0
DA:3392,0
DA:3393,0
DA:3394,0
DA:3395,0
DA:3396,0
DA:3397,0
DA:3398,0
DA:3399,0
DA:3400,0
DA:3401,0
DA:3402,0
DA:3403,0
DA:3404,0
DA:3405,0
DA:3406,0
DA:3407,0
DA:3408,0
DA:3409,0
DA:3410,0
DA:3411,0
DA:3412,0
DA:3413,0
DA:3414,0
DA:3415,0
DA:3416,0
DA:3417,0
DA:3418,0
DA:3419,0
DA:3420,0
DA:3421,0
DA:3422,0
DA:3423,0
DA:3424,0
DA:3425,0
DA:3426,0
DA:3427,0
DA:3428,0
DA:3429,0
DA:3430,0
DA:3431,0
DA:3432,0
DA:3433,0
DA:3434,0
DA:3435,0
DA:3436,0
DA:3437,0
DA:3438,0
DA:3439,0
DA:3440,0
DA:3441,0
DA:3442,0
DA:3443,0
DA:3444,0
DA:3445,0
DA:3446,0
DA:3447,0
DA:3448,0
DA:3449,0
DA:3450,0
DA:3451,0
DA:3452,0
DA:3453,0
DA:3454,0
DA:3455,0
DA:3456,0
DA:3457,0
DA:3458,0
DA:3459,0
DA:3460,0
DA:3461,0
DA:3462,53
DA:3463,53
DA:3464,53
DA:3465,53
DA:3466,0
DA:3467,0
DA:3468,0
DA:3469,0
DA:3470,0
DA:3471,0
DA:3472,0
DA:3473,0
DA:3474,0
DA:3475,0
DA:3476,0
DA:3477,0
DA:3478,0
DA:3479,0
DA:3480,0
DA:3481,0
DA:3482,0
DA:3483,0
DA:3484,0
DA:3485,0
DA:3486,0
DA:3487,0
DA:3488,0
DA:3489,0
DA:3490,0
DA:3491,0
DA:3492,0
DA:3493,0
DA:3494,0
DA:3495,0
DA:3496,0
DA:3497,0
DA:3498,0
DA:3499,0
DA:3500,0
DA:3501,0
DA:3502,0
DA:3503,0
DA:3504,0
DA:3505,0
DA:3506,0
DA:3507,0
DA:3508,0
DA:3509,0
DA:3510,0
DA:3511,0
DA:3512,0
DA:3513,0
DA:3514,0
DA:3515,0
DA:3516,0
DA:3517,0
DA:3518,0
DA:3519,0
DA:3520,0
DA:3521,0
DA:3522,0
DA:3523,0
DA:3524,0
DA:3525,0
DA:3526,0
DA:3527,0
DA:3528,0
DA:3529,0
DA:3530,0
DA:3531,0
DA:3532,0
DA:3533,0
DA:3534,53
DA:3535,53
DA:3536,53
DA:3537,53
DA:3538,1
DA:3539,1
LF:3539
LH:1097
BRDA:50,0,0,53
BRDA:1904,1,0,31
BRDA:1961,2,0,31
BRDA:1964,3,0,0
BRDA:1968,4,0,21
BRDA:2914,5,0,10
BRDA:2993,6,0,0
BRDA:2994,7,0,52
BRDA:3049,8,0,0
BRDA:3077,9,0,0
BRDA:3126,10,0,0
BRDA:3126,11,0,52
BRDA:3131,12,0,0
BRDA:3132,13,0,52
BRDA:3146,14,0,0
BRDA:3146,15,0,52
BRDA:3148,16,0,0
BRDA:3149,17,0,52
BRDA:3153,18,0,0
BRDA:3154,19,0,52
BRDA:3157,20,0,0
BRDA:3158,21,0,52
BRDA:3160,22,0,0
BRDA:3160,23,0,52
BRDA:3164,24,0,0
BRDA:3165,25,0,52
BRDA:3177,26,0,0
BRDA:3190,27,0,52
BRDA:3200,28,0,10
BRDA:3200,29,0,42
BRDA:3202,30,0,11
BRDA:3236,31,0,0
BRDA:3355,32,0,0
BRDA:3465,33,0,0
BRDA:102,34,0,10
BRDA:112,35,0,0
BRDA:142,36,0,2
BRDA:147,37,0,8
BRDA:110,38,0,10
BRDA:111,39,0,10
BRDA:140,40,0,84
BRDA:276,41,0,19
BRDA:278,42,0,1
BRDA:280,43,0,2
BRDA:289,44,0,40
BRDA:290,45,0,21
BRDA:296,46,0,40
BRDA:297,47,0,21
BRDA:302,48,0,19
BRDA:458,49,0,19
BRDA:459,50,0,0
BRDA:481,51,0,10
BRDA:482,52,0,0
BRDA:489,53,0,10
BRDA:490,54,0,0
BRDA:509,55,0,0
BRDA:581,56,0,0
BRDA:581,57,0,0
BRDA:846,58,0,0
BRDA:859,59,0,0
BRDA:863,60,0,0
BRDA:881,61,0,2
BRDA:889,62,0,0
BRDA:908,63,0,8
BRDA:943,64,0,0
BRDA:943,65,0,0
BRDA:953,66,0,8
BRDA:956,67,0,0
BRDA:956,68,0,0
BRDA:960,69,0,8
BRDA:963,70,0,0
BRDA:963,71,0,0
BRDA:967,72,0,8
BRDA:970,73,0,0
BRDA:970,74,0,0
BRDA:977,75,0,8
BRDA:982,76,0,1
BRDA:982,77,0,1
BRDA:986,78,0,0
BRDA:986,79,0,0
BRDA:1088,80,0,0
BRDA:1112,81,0,0
BRDA:1118,82,0,0
BRDA:1129,83,0,0
BRDA:1138,84,0,0
BRDA:1141,85,0,0
BRDA:1195,86,0,0
BRDA:1218,87,0,2
BRDA:1220,88,0,0
BRDA:1224,89,0,0
BRDA:838,90,0,10
BRDA:979,91,0,8
BRDA:1006,92,0,1
BRDA:1007,93,0,0
BRDA:1008,94,0,1
BRDA:1024,95,0,0
BRDA:1024,96,0,0
BRDA:1039,97,0,0
BRDA:1049,98,0,0
BRDA:1049,99,0,0
BRDA:1051,100,0,0
BRDA:1056,101,0,0
BRDA:1057,102,0,0
BRDA:1060,103,0,0
BRDA:1060,104,0,0
BRDA:1066,105,0,0
BRDA:1068,106,0,0
BRDA:1079,107,0,1
BRDA:1081,108,0,0
BRDA:1097,109,0,1
BRDA:1098,110,0,0
BRDA:1105,111,0,1
BRDA:1170,112,0,1
BRDA:1173,113,0,0
BRDA:1178,114,0,0
BRDA:1211,115,0,1
BRDA:1228,116,0,2
BRDA:1711,117,0,19
BRDA:1713,118,0,0
BRDA:1719,119,0,19
BRDA:1721,120,0,0
BRDA:1721,121,0,0
BRDA:1910,122,0,155
BRDA:1971,123,0,33
BRDA:1988,124,0,21
BRDA:1988,125,0,12
BRDA:1989,126,0,21
BRDA:1989,127,0,12
BRDA:1991,128,0,12
BRDA:1991,129,0,1
BRDA:2058,130,0,0
BRDA:2122,131,0,32
BRDA:2128,132,0,21
BRDA:2129,133,0,11
BRDA:2132,134,0,21
BRDA:2132,135,0,11
BRDA:2133,136,0,21
BRDA:2133,137,0,11
BRDA:2134,138,0,21
BRDA:2134,139,0,11
BRDA:2135,140,0,21
BRDA:2135,141,0,11
BRDA:2139,142,0,21
BRDA:2139,143,0,11
BRDA:2142,144,0,21
BRDA:2143,145,0,11
BRDA:2158,146,0,21
BRDA:2158,147,0,11
BRDA:2170,148,0,0
BRDA:2171,149,0,0
BRDA:2172,150,0,0
BRDA:2377,151,0,0
BRDA:2378,152,0,0
BRDA:2379,153,0,0
BRDA:2380,154,0,0
BRDA:2510,155,0,0
BRDA:2511,156,0,0
BRDA:2512,157,0,0
BRDA:2576,158,0,0
BRDA:2577,159,0,0
BRDA:2578,160,0,0
BRDA:2796,161,0,0
BRDA:2797,162,0,0
BRDA:2798,163,0,0
BRDA:2029,164,0,1
BRDA:2059,165,0,0
BRDA:2837,166,0,0
BRDA:2926,167,0,30
BRDA:2973,168,0,12
BRDA:2974,169,0,1
BRF:170
BRH:85
end_of_record
TN:
SF:src\components\ClientInfoForm\ClientInfoForm.tsx
FN:27,ClientInfoForm
FN:45,handleInputChange
FN:53,validateForm
FN:82,handleSubmit
FN:90,handleClearForm
FN:135,onChange
FN:136,onFocus
FN:168,onChange
FN:169,onFocus
FN:203,onChange
FN:204,onFocus
FN:239,onChange
FN:240,onFocus
FN:272,onChange
FN:273,onFocus
FN:308,onChange
FN:309,onFocus
FNF:17
FNH:9
FNDA:52,ClientInfoForm
FNDA:20,handleInputChange
FNDA:13,validateForm
FNDA:13,handleSubmit
FNDA:1,handleClearForm
FNDA:10,onChange
FNDA:0,onFocus
FNDA:0,onChange
FNDA:0,onFocus
FNDA:0,onChange
FNDA:0,onFocus
FNDA:1,onChange
FNDA:0,onFocus
FNDA:7,onChange
FNDA:0,onFocus
FNDA:2,onChange
FNDA:0,onFocus
DA:1,1
DA:2,1
DA:3,1
DA:4,1
DA:5,1
DA:6,1
DA:7,1
DA:8,1
DA:9,1
DA:10,1
DA:11,1
DA:12,1
DA:13,1
DA:14,1
DA:15,1
DA:16,1
DA:17,1
DA:18,1
DA:19,1
DA:20,1
DA:21,1
DA:22,1
DA:23,1
DA:24,1
DA:25,1
DA:26,1
DA:27,1
DA:28,52
DA:29,52
DA:30,52
DA:31,52
DA:32,52
DA:33,52
DA:34,52
DA:35,52
DA:36,52
DA:37,52
DA:38,52
DA:39,52
DA:40,17
DA:41,1
DA:42,1
DA:43,52
DA:44,52
DA:45,52
DA:46,20
DA:47,20
DA:48,20
DA:49,2
DA:50,2
DA:51,20
DA:52,52
DA:53,52
DA:54,13
DA:55,13
DA:56,13
DA:57,13
DA:58,4
DA:59,4
DA:60,13
DA:61,13
DA:62,13
DA:63,7
DA:64,13
DA:65,1
DA:66,1
DA:67,13
DA:68,13
DA:69,13
DA:70,1
DA:71,1
DA:72,13
DA:73,13
DA:74,13
DA:75,1
DA:76,1
DA:77,13
DA:78,13
DA:79,13
DA:80,13
DA:81,52
DA:82,52
DA:83,13
DA:84,13
DA:85,13
DA:86,3
DA:87,3
DA:88,13
DA:89,52
DA:90,52
DA:91,1
DA:92,1
DA:93,1
DA:94,1
DA:95,1
DA:96,1
DA:97,1
DA:98,1
DA:99,1
DA:100,1
DA:101,52
DA:102,52
DA:103,52
DA:104,52
DA:105,52
DA:106,52
DA:107,52
DA:108,52
DA:109,52
DA:110,52
DA:111,52
DA:112,52
DA:113,52
DA:114,52
DA:115,52
DA:116,52
DA:117,52
DA:118,52
DA:119,52
DA:120,52
DA:121,52
DA:122,52
DA:123,52
DA:124,52
DA:125,52
DA:126,52
DA:127,52
DA:128,52
DA:129,52
DA:130,52
DA:131,52
DA:132,52
DA:133,52
DA:134,52
DA:135,52
DA:136,52
DA:137,0
DA:138,0
DA:139,0
DA:140,52
DA:141,52
DA:142,52
DA:143,52
DA:144,52
DA:145,52
DA:146,52
DA:147,52
DA:148,52
DA:149,52
DA:150,52
DA:151,52
DA:152,52
DA:153,52
DA:154,52
DA:155,52
DA:156,52
DA:157,52
DA:158,52
DA:159,52
DA:160,52
DA:161,52
DA:162,52
DA:163,52
DA:164,52
DA:165,52
DA:166,52
DA:167,52
DA:168,52
DA:169,52
DA:170,0
DA:171,0
DA:172,0
DA:173,52
DA:174,52
DA:175,52
DA:176,52
DA:177,52
DA:178,52
DA:179,52
DA:180,52
DA:181,52
DA:182,52
DA:183,52
DA:184,52
DA:185,52
DA:186,52
DA:187,52
DA:188,52
DA:189,52
DA:190,52
DA:191,52
DA:192,52
DA:193,52
DA:194,52
DA:195,52
DA:196,52
DA:197,52
DA:198,52
DA:199,52
DA:200,52
DA:201,52
DA:202,52
DA:203,52
DA:204,52
DA:205,0
DA:206,0
DA:207,0
DA:208,52
DA:209,52
DA:210,52
DA:211,52
DA:212,52
DA:213,52
DA:214,52
DA:215,52
DA:216,52
DA:217,52
DA:218,52
DA:219,52
DA:220,52
DA:221,52
DA:222,52
DA:223,52
DA:224,52
DA:225,52
DA:226,52
DA:227,52
DA:228,52
DA:229,52
DA:230,52
DA:231,52
DA:232,52
DA:233,52
DA:234,52
DA:235,52
DA:236,52
DA:237,52
DA:238,52
DA:239,52
DA:240,52
DA:241,0
DA:242,0
DA:243,0
DA:244,52
DA:245,52
DA:246,52
DA:247,52
DA:248,52
DA:249,52
DA:250,52
DA:251,52
DA:252,52
DA:253,52
DA:254,52
DA:255,52
DA:256,52
DA:257,52
DA:258,52
DA:259,52
DA:260,52
DA:261,52
DA:262,52
DA:263,52
DA:264,52
DA:265,52
DA:266,52
DA:267,52
DA:268,52
DA:269,52
DA:270,52
DA:271,52
DA:272,52
DA:273,52
DA:274,0
DA:275,0
DA:276,0
DA:277,52
DA:278,52
DA:279,52
DA:280,52
DA:281,52
DA:282,52
DA:283,52
DA:284,52
DA:285,52
DA:286,52
DA:287,52
DA:288,52
DA:289,52
DA:290,52
DA:291,52
DA:292,52
DA:293,52
DA:294,52
DA:295,52
DA:296,52
DA:297,52
DA:298,52
DA:299,52
DA:300,52
DA:301,52
DA:302,52
DA:303,52
DA:304,52
DA:305,52
DA:306,52
DA:307,52
DA:308,52
DA:309,52
DA:310,0
DA:311,0
DA:312,0
DA:313,52
DA:314,52
DA:315,52
DA:316,52
DA:317,52
DA:318,52
DA:319,52
DA:320,52
DA:321,52
DA:322,52
DA:323,52
DA:324,52
DA:325,52
DA:326,52
DA:327,52
DA:328,52
DA:329,52
DA:330,52
DA:331,52
DA:332,52
DA:333,52
DA:334,52
DA:335,3
DA:336,3
DA:337,3
DA:338,3
DA:339,3
DA:340,3
DA:341,3
DA:342,3
DA:343,3
DA:344,3
DA:345,3
DA:346,3
DA:347,3
DA:348,3
DA:349,3
DA:350,3
DA:351,3
DA:352,3
DA:353,3
DA:354,3
DA:355,52
DA:356,52
DA:357,52
DA:358,52
DA:359,52
DA:360,52
DA:361,52
DA:362,52
DA:363,52
DA:364,52
DA:365,52
DA:366,52
DA:367,52
DA:368,52
DA:369,52
DA:370,52
DA:371,52
DA:372,52
DA:373,52
DA:374,52
DA:375,52
DA:376,52
DA:377,52
DA:378,52
DA:379,52
DA:380,52
DA:381,52
DA:382,52
DA:383,52
DA:384,52
DA:385,52
DA:386,52
DA:387,52
DA:388,52
DA:389,52
DA:390,52
DA:391,52
DA:392,52
DA:393,52
DA:394,52
DA:395,52
DA:396,52
DA:397,52
DA:398,52
DA:399,52
DA:400,1
DA:401,1
LF:401
LH:383
BRDA:27,0,0,52
BRDA:334,1,0,3
BRDA:39,2,0,17
BRDA:40,3,0,1
BRDA:45,4,0,20
BRDA:48,5,0,2
BRDA:46,6,0,20
BRDA:49,7,0,2
BRDA:53,8,0,13
BRDA:57,9,0,4
BRDA:62,10,0,7
BRDA:64,11,0,6
BRDA:64,12,0,1
BRDA:69,13,0,2
BRDA:69,14,0,1
BRDA:74,15,0,1
BRDA:74,16,0,1
BRDA:82,17,0,13
BRDA:85,18,0,3
BRDA:90,19,0,1
BRDA:135,20,0,10
BRDA:239,21,0,1
BRDA:272,22,0,7
BRDA:308,23,0,2
BRF:24
BRH:24
end_of_record
TN:
SF:src\components\ClientInfoForm\ClientInfoFormWithAutocomplete.tsx
FN:1,(empty-report)
FNF:1
FNH:0
FNDA:0,(empty-report)
DA:1,0
DA:2,0
DA:3,0
DA:4,0
DA:5,0
DA:6,0
DA:7,0
DA:8,0
DA:9,0
DA:10,0
DA:11,0
DA:12,0
DA:13,0
DA:14,0
DA:15,0
DA:16,0
DA:17,0
DA:18,0
DA:19,0
DA:20,0
DA:21,0
DA:22,0
DA:23,0
DA:24,0
DA:25,0
DA:26,0
DA:27,0
DA:28,0
DA:29,0
DA:30,0
DA:31,0
DA:32,0
DA:33,0
DA:34,0
DA:35,0
DA:36,0
DA:37,0
DA:38,0
DA:39,0
DA:40,0
DA:41,0
DA:42,0
DA:43,0
DA:44,0
DA:45,0
DA:46,0
DA:47,0
DA:48,0
DA:49,0
DA:50,0
DA:51,0
DA:52,0
DA:53,0
DA:54,0
DA:55,0
DA:56,0
DA:57,0
DA:58,0
DA:59,0
DA:60,0
DA:61,0
DA:62,0
DA:63,0
DA:64,0
DA:65,0
DA:66,0
DA:67,0
DA:68,0
DA:69,0
DA:70,0
DA:71,0
DA:72,0
DA:73,0
DA:74,0
DA:75,0
DA:76,0
DA:77,0
DA:78,0
DA:79,0
DA:80,0
DA:81,0
DA:82,0
DA:83,0
DA:84,0
DA:85,0
DA:86,0
DA:87,0
DA:88,0
DA:89,0
DA:90,0
DA:91,0
DA:92,0
DA:93,0
DA:94,0
DA:95,0
DA:96,0
DA:97,0
DA:98,0
DA:99,0
DA:100,0
DA:101,0
DA:102,0
DA:103,0
DA:104,0
DA:105,0
DA:106,0
DA:107,0
DA:108,0
DA:109,0
DA:110,0
DA:111,0
DA:112,0
DA:113,0
DA:114,0
DA:115,0
DA:116,0
DA:117,0
DA:118,0
DA:119,0
DA:120,0
DA:121,0
DA:122,0
DA:123,0
DA:124,0
DA:125,0
DA:126,0
DA:127,0
DA:128,0
DA:129,0
DA:130,0
DA:131,0
DA:132,0
DA:133,0
DA:134,0
DA:135,0
DA:136,0
DA:137,0
DA:138,0
DA:139,0
DA:140,0
DA:141,0
DA:142,0
DA:143,0
DA:144,0
DA:145,0
DA:146,0
DA:147,0
DA:148,0
DA:149,0
DA:150,0
DA:151,0
DA:152,0
DA:153,0
DA:154,0
DA:155,0
DA:156,0
DA:157,0
DA:158,0
DA:159,0
DA:160,0
DA:161,0
DA:162,0
DA:163,0
DA:164,0
DA:165,0
DA:166,0
DA:167,0
DA:168,0
DA:169,0
DA:170,0
DA:171,0
DA:172,0
DA:173,0
DA:174,0
DA:175,0
DA:176,0
DA:177,0
DA:178,0
DA:179,0
DA:180,0
DA:181,0
DA:182,0
DA:183,0
DA:184,0
DA:185,0
DA:186,0
DA:187,0
DA:188,0
DA:189,0
DA:190,0
DA:191,0
DA:192,0
DA:193,0
DA:194,0
DA:195,0
DA:196,0
DA:197,0
DA:198,0
DA:199,0
DA:200,0
DA:201,0
DA:202,0
DA:203,0
DA:204,0
DA:205,0
DA:206,0
DA:207,0
DA:208,0
DA:209,0
DA:210,0
DA:211,0
DA:212,0
DA:213,0
DA:214,0
DA:215,0
DA:216,0
DA:217,0
DA:218,0
DA:219,0
DA:220,0
DA:221,0
DA:222,0
DA:223,0
DA:224,0
DA:225,0
DA:226,0
DA:227,0
DA:228,0
DA:229,0
DA:230,0
DA:231,0
DA:232,0
DA:233,0
DA:234,0
DA:235,0
DA:236,0
DA:237,0
DA:238,0
DA:239,0
DA:240,0
DA:241,0
DA:242,0
DA:243,0
DA:244,0
DA:245,0
DA:246,0
DA:247,0
DA:248,0
DA:249,0
DA:250,0
DA:251,0
DA:252,0
DA:253,0
DA:254,0
DA:255,0
DA:256,0
DA:257,0
DA:258,0
DA:259,0
DA:260,0
DA:261,0
DA:262,0
DA:263,0
DA:264,0
DA:265,0
DA:266,0
DA:267,0
DA:268,0
DA:269,0
DA:270,0
DA:271,0
DA:272,0
DA:273,0
DA:274,0
DA:275,0
DA:276,0
DA:277,0
DA:278,0
DA:279,0
DA:280,0
DA:281,0
DA:282,0
DA:283,0
DA:284,0
DA:285,0
DA:286,0
DA:287,0
DA:288,0
DA:289,0
DA:290,0
DA:291,0
DA:292,0
DA:293,0
DA:294,0
DA:295,0
DA:296,0
DA:297,0
DA:298,0
DA:299,0
DA:300,0
DA:301,0
DA:302,0
DA:303,0
DA:304,0
DA:305,0
DA:306,0
DA:307,0
DA:308,0
DA:309,0
DA:310,0
DA:311,0
DA:312,0
DA:313,0
DA:314,0
DA:315,0
DA:316,0
DA:317,0
DA:318,0
DA:319,0
DA:320,0
DA:321,0
DA:322,0
DA:323,0
DA:324,0
DA:325,0
DA:326,0
DA:327,0
DA:328,0
DA:329,0
DA:330,0
DA:331,0
DA:332,0
DA:333,0
DA:334,0
DA:335,0
DA:336,0
DA:337,0
DA:338,0
DA:339,0
DA:340,0
DA:341,0
DA:342,0
DA:343,0
DA:344,0
DA:345,0
DA:346,0
DA:347,0
DA:348,0
DA:349,0
DA:350,0
DA:351,0
DA:352,0
DA:353,0
DA:354,0
DA:355,0
DA:356,0
DA:357,0
DA:358,0
DA:359,0
DA:360,0
DA:361,0
DA:362,0
DA:363,0
DA:364,0
DA:365,0
DA:366,0
DA:367,0
DA:368,0
DA:369,0
DA:370,0
DA:371,0
DA:372,0
DA:373,0
DA:374,0
DA:375,0
DA:376,0
DA:377,0
DA:378,0
DA:379,0
DA:380,0
DA:381,0
DA:382,0
DA:383,0
DA:384,0
DA:385,0
DA:386,0
DA:387,0
DA:388,0
DA:389,0
DA:390,0
DA:391,0
DA:392,0
DA:393,0
DA:394,0
DA:395,0
DA:396,0
DA:397,0
DA:398,0
DA:399,0
DA:400,0
DA:401,0
DA:402,0
DA:403,0
DA:404,0
DA:405,0
DA:406,0
DA:407,0
DA:408,0
DA:409,0
DA:410,0
DA:411,0
DA:412,0
DA:413,0
DA:414,0
DA:415,0
DA:416,0
DA:417,0
DA:418,0
DA:419,0
DA:420,0
DA:421,0
DA:422,0
DA:423,0
DA:424,0
DA:425,0
DA:426,0
DA:427,0
DA:428,0
DA:429,0
DA:430,0
DA:431,0
DA:432,0
DA:433,0
DA:434,0
DA:435,0
DA:436,0
DA:437,0
DA:438,0
DA:439,0
DA:440,0
DA:441,0
DA:442,0
DA:443,0
DA:444,0
DA:445,0
DA:446,0
DA:447,0
DA:448,0
DA:449,0
LF:449
LH:0
BRDA:1,0,0,0
BRF:1
BRH:0
end_of_record
TN:
SF:src\components\CompanyInfoForm\CompanyInfoForm.tsx
FN:31,CompanyInfoForm
FN:57,handleInputChange
FN:65,handleLogoUpload
FN:78,validateForm
FN:109,handleSubmit
FN:118,handleUseSavedInfo
FN:129,handleClearForm
FN:267,onChange
FN:268,onFocus
FN:299,onChange
FN:300,onFocus
FN:334,onChange
FN:335,onFocus
FN:366,onChange
FN:367,onFocus
FN:403,onChange
FN:404,onFocus
FN:436,onChange
FN:437,onFocus
FN:472,onChange
FN:473,onFocus
FN:503,onChange
FN:504,onFocus
FNF:23
FNH:11
FNDA:52,CompanyInfoForm
FNDA:16,handleInputChange
FNDA:0,handleLogoUpload
FNDA:12,validateForm
FNDA:12,handleSubmit
FNDA:1,handleUseSavedInfo
FNDA:1,handleClearForm
FNDA:4,onChange
FNDA:0,onFocus
FNDA:3,onChange
FNDA:0,onFocus
FNDA:1,onChange
FNDA:0,onFocus
FNDA:4,onChange
FNDA:0,onFocus
FNDA:4,onChange
FNDA:0,onFocus
FNDA:0,onChange
FNDA:0,onFocus
FNDA:0,onChange
FNDA:0,onFocus
FNDA:0,onChange
FNDA:0,onFocus
DA:1,1
DA:2,1
DA:3,1
DA:4,1
DA:5,1
DA:6,1
DA:7,1
DA:8,1
DA:9,1
DA:10,1
DA:11,1
DA:12,1
DA:13,1
DA:14,1
DA:15,1
DA:16,1
DA:17,1
DA:18,1
DA:19,1
DA:20,1
DA:21,1
DA:22,1
DA:23,1
DA:24,1
DA:25,1
DA:26,1
DA:27,1
DA:28,1
DA:29,1
DA:30,1
DA:31,1
DA:32,52
DA:33,52
DA:34,52
DA:35,52
DA:36,52
DA:37,52
DA:38,52
DA:39,52
DA:40,52
DA:41,52
DA:42,52
DA:43,52
DA:44,52
DA:45,52
DA:46,52
DA:47,52
DA:48,52
DA:49,19
DA:50,2
DA:51,2
DA:52,0
DA:53,0
DA:54,2
DA:55,52
DA:56,52
DA:57,52
DA:58,16
DA:59,16
DA:60,16
DA:61,1
DA:62,1
DA:63,16
DA:64,52
DA:65,52
DA:66,0
DA:67,0
DA:68,0
DA:69,0
DA:70,0
DA:71,0
DA:72,0
DA:73,0
DA:74,0
DA:75,0
DA:76,0
DA:77,52
DA:78,52
DA:79,12
DA:80,12
DA:81,12
DA:82,9
DA:83,9
DA:84,12
DA:85,12
DA:86,9
DA:87,9
DA:88,12
DA:89,12
DA:90,8
DA:91,12
DA:92,1
DA:93,1
DA:94,12
DA:95,12
DA:96,8
DA:97,12
DA:98,1
DA:99,1
DA:100,12
DA:101,12
DA:102,1
DA:103,1
DA:104,12
DA:105,12
DA:106,12
DA:107,12
DA:108,52
DA:109,52
DA:110,12
DA:111,12
DA:112,12
DA:113,3
DA:114,3
DA:115,3
DA:116,12
DA:117,52
DA:118,52
DA:119,1
DA:120,1
DA:121,1
DA:122,1
DA:123,0
DA:124,0
DA:125,1
DA:126,1
DA:127,1
DA:128,52
DA:129,52
DA:130,1
DA:131,1
DA:132,1
DA:133,1
DA:134,1
DA:135,1
DA:136,1
DA:137,1
DA:138,1
DA:139,1
DA:140,1
DA:141,1
DA:142,1
DA:143,1
DA:144,1
DA:145,52
DA:146,52
DA:147,52
DA:148,52
DA:149,52
DA:150,52
DA:151,52
DA:152,52
DA:153,52
DA:154,52
DA:155,52
DA:156,52
DA:157,52
DA:158,52
DA:159,52
DA:160,52
DA:161,52
DA:162,52
DA:163,52
DA:164,52
DA:165,52
DA:166,2
DA:167,2
DA:168,2
DA:169,2
DA:170,2
DA:171,2
DA:172,2
DA:173,2
DA:174,2
DA:175,2
DA:176,2
DA:177,2
DA:178,2
DA:179,2
DA:180,2
DA:181,2
DA:182,2
DA:183,2
DA:184,52
DA:185,52
DA:186,52
DA:187,52
DA:188,52
DA:189,52
DA:190,52
DA:191,52
DA:192,52
DA:193,52
DA:194,52
DA:195,52
DA:196,52
DA:197,52
DA:198,52
DA:199,52
DA:200,52
DA:201,52
DA:202,52
DA:203,52
DA:204,52
DA:205,0
DA:206,0
DA:207,0
DA:208,0
DA:209,0
DA:210,0
DA:211,0
DA:212,0
DA:213,51
DA:214,51
DA:215,51
DA:216,51
DA:217,51
DA:218,51
DA:219,51
DA:220,51
DA:221,51
DA:222,52
DA:223,52
DA:224,52
DA:225,52
DA:226,52
DA:227,52
DA:228,52
DA:229,52
DA:230,52
DA:231,52
DA:232,52
DA:233,52
DA:234,52
DA:235,52
DA:236,52
DA:237,52
DA:238,52
DA:239,52
DA:240,52
DA:241,52
DA:242,52
DA:243,52
DA:244,52
DA:245,52
DA:246,52
DA:247,52
DA:248,52
DA:249,52
DA:250,52
DA:251,52
DA:252,52
DA:253,52
DA:254,52
DA:255,52
DA:256,52
DA:257,52
DA:258,52
DA:259,52
DA:260,52
DA:261,52
DA:262,52
DA:263,52
DA:264,52
DA:265,52
DA:266,52
DA:267,52
DA:268,52
DA:269,0
DA:270,0
DA:271,0
DA:272,52
DA:273,52
DA:274,52
DA:275,52
DA:276,52
DA:277,52
DA:278,52
DA:279,52
DA:280,52
DA:281,52
DA:282,52
DA:283,52
DA:284,52
DA:285,52
DA:286,52
DA:287,52
DA:288,52
DA:289,52
DA:290,52
DA:291,52
DA:292,52
DA:293,52
DA:294,52
DA:295,52
DA:296,52
DA:297,52
DA:298,52
DA:299,52
DA:300,52
DA:301,0
DA:302,0
DA:303,0
DA:304,52
DA:305,52
DA:306,52
DA:307,52
DA:308,52
DA:309,52
DA:310,52
DA:311,52
DA:312,52
DA:313,52
DA:314,52
DA:315,52
DA:316,52
DA:317,52
DA:318,52
DA:319,52
DA:320,52
DA:321,52
DA:322,52
DA:323,52
DA:324,52
DA:325,52
DA:326,52
DA:327,52
DA:328,52
DA:329,52
DA:330,52
DA:331,52
DA:332,52
DA:333,52
DA:334,52
DA:335,52
DA:336,0
DA:337,0
DA:338,0
DA:339,52
DA:340,52
DA:341,52
DA:342,52
DA:343,52
DA:344,52
DA:345,52
DA:346,52
DA:347,52
DA:348,52
DA:349,52
DA:350,52
DA:351,52
DA:352,52
DA:353,52
DA:354,52
DA:355,52
DA:356,52
DA:357,52
DA:358,52
DA:359,52
DA:360,52
DA:361,52
DA:362,52
DA:363,52
DA:364,52
DA:365,52
DA:366,52
DA:367,52
DA:368,0
DA:369,0
DA:370,0
DA:371,52
DA:372,52
DA:373,52
DA:374,52
DA:375,52
DA:376,52
DA:377,52
DA:378,52
DA:379,52
DA:380,52
DA:381,52
DA:382,52
DA:383,52
DA:384,52
DA:385,52
DA:386,52
DA:387,52
DA:388,52
DA:389,52
DA:390,52
DA:391,52
DA:392,52
DA:393,52
DA:394,52
DA:395,52
DA:396,52
DA:397,52
DA:398,52
DA:399,52
DA:400,52
DA:401,52
DA:402,52
DA:403,52
DA:404,52
DA:405,0
DA:406,0
DA:407,0
DA:408,52
DA:409,52
DA:410,52
DA:411,52
DA:412,52
DA:413,52
DA:414,52
DA:415,52
DA:416,52
DA:417,52
DA:418,52
DA:419,52
DA:420,52
DA:421,52
DA:422,52
DA:423,52
DA:424,52
DA:425,52
DA:426,52
DA:427,52
DA:428,52
DA:429,52
DA:430,52
DA:431,52
DA:432,52
DA:433,52
DA:434,52
DA:435,52
DA:436,52
DA:437,52
DA:438,0
DA:439,0
DA:440,0
DA:441,52
DA:442,52
DA:443,52
DA:444,52
DA:445,52
DA:446,52
DA:447,52
DA:448,52
DA:449,52
DA:450,52
DA:451,52
DA:452,52
DA:453,52
DA:454,52
DA:455,52
DA:456,52
DA:457,52
DA:458,52
DA:459,52
DA:460,52
DA:461,52
DA:462,52
DA:463,52
DA:464,52
DA:465,52
DA:466,52
DA:467,52
DA:468,52
DA:469,52
DA:470,52
DA:471,52
DA:472,52
DA:473,52
DA:474,0
DA:475,0
DA:476,0
DA:477,52
DA:478,52
DA:479,52
DA:480,52
DA:481,52
DA:482,52
DA:483,52
DA:484,52
DA:485,52
DA:486,52
DA:487,52
DA:488,52
DA:489,52
DA:490,52
DA:491,52
DA:492,52
DA:493,52
DA:494,52
DA:495,52
DA:496,52
DA:497,52
DA:498,52
DA:499,52
DA:500,52
DA:501,52
DA:502,52
DA:503,52
DA:504,52
DA:505,0
DA:506,0
DA:507,0
DA:508,52
DA:509,52
DA:510,52
DA:511,52
DA:512,52
DA:513,52
DA:514,52
DA:515,52
DA:516,52
DA:517,52
DA:518,52
DA:519,52
DA:520,52
DA:521,52
DA:522,52
DA:523,52
DA:524,52
DA:525,52
DA:526,52
DA:527,52
DA:528,52
DA:529,52
DA:530,52
DA:531,52
DA:532,52
DA:533,52
DA:534,52
DA:535,52
DA:536,52
DA:537,52
DA:538,52
DA:539,52
DA:540,52
DA:541,52
DA:542,52
DA:543,52
DA:544,52
DA:545,52
DA:546,52
DA:547,52
DA:548,52
DA:549,52
DA:550,52
DA:551,52
DA:552,52
DA:553,52
DA:554,52
DA:555,52
DA:556,52
DA:557,52
DA:558,52
DA:559,52
DA:560,52
DA:561,52
DA:562,52
DA:563,52
DA:564,52
DA:565,52
DA:566,52
DA:567,52
DA:568,52
DA:569,52
DA:570,52
DA:571,52
DA:572,1
DA:573,1
LF:573
LH:526
BRDA:31,0,0,52
BRDA:165,1,0,3
BRDA:165,2,0,2
BRDA:204,3,0,0
BRDA:212,4,0,51
BRDA:251,5,0,0
BRDA:251,6,0,51
BRDA:48,7,0,19
BRDA:49,8,0,2
BRDA:51,9,0,0
BRDA:57,10,0,16
BRDA:60,11,0,1
BRDA:58,12,0,16
BRDA:61,13,0,1
BRDA:78,14,0,12
BRDA:81,15,0,9
BRDA:85,16,0,9
BRDA:89,17,0,8
BRDA:91,18,0,4
BRDA:91,19,0,1
BRDA:95,20,0,8
BRDA:97,21,0,4
BRDA:97,22,0,1
BRDA:101,23,0,1
BRDA:101,24,0,1
BRDA:109,25,0,12
BRDA:112,26,0,3
BRDA:118,27,0,1
BRDA:122,28,0,0
BRDA:129,29,0,1
BRDA:267,30,0,4
BRDA:299,31,0,3
BRDA:334,32,0,1
BRDA:366,33,0,4
BRDA:403,34,0,4
BRF:35
BRH:31
end_of_record
TN:
SF:src\components\ErrorBoundary\ErrorBoundary.tsx
FN:17,ErrorBoundary
FN:26,getDerivedStateFromError
FN:30,componentDidCatch
FN:42,<instance_members_initializer>
FN:42,handleReset
FN:53,handleReload
FN:57,render
FNF:7
FNH:5
FNDA:10,ErrorBoundary
FNDA:6,getDerivedStateFromError
FNDA:3,componentDidCatch
FNDA:9,<instance_members_initializer>
FNDA:0,handleReset
FNDA:0,handleReload
FNDA:18,render
DA:1,1
DA:2,1
DA:3,1
DA:4,1
DA:5,1
DA:6,1
DA:7,1
DA:8,1
DA:9,1
DA:10,1
DA:11,1
DA:12,1
DA:13,1
DA:14,1
DA:15,1
DA:16,1
DA:17,1
DA:18,10
DA:19,10
DA:20,10
DA:21,10
DA:22,10
DA:23,10
DA:24,10
DA:25,1
DA:26,1
DA:27,6
DA:28,6
DA:29,1
DA:30,1
DA:31,3
DA:32,3
DA:33,3
DA:34,3
DA:35,3
DA:36,3
DA:37,3
DA:38,3
DA:39,3
DA:40,3
DA:41,1
DA:42,1
DA:43,0
DA:44,0
DA:45,0
DA:46,0
DA:47,0
DA:48,0
DA:49,0
DA:50,0
DA:51,0
DA:52,9
DA:53,9
DA:54,0
DA:55,0
DA:56,1
DA:57,1
DA:58,18
DA:59,9
DA:60,3
DA:61,3
DA:62,6
DA:63,6
DA:64,6
DA:65,6
DA:66,6
DA:67,6
DA:68,6
DA:69,6
DA:70,6
DA:71,6
DA:72,6
DA:73,6
DA:74,6
DA:75,6
DA:76,6
DA:77,6
DA:78,6
DA:79,6
DA:80,6
DA:81,6
DA:82,6
DA:83,6
DA:84,6
DA:85,6
DA:86,6
DA:87,9
DA:88,0
DA:89,0
DA:90,0
DA:91,0
DA:92,0
DA:93,0
DA:94,0
DA:95,0
DA:96,0
DA:97,0
DA:98,0
DA:99,0
DA:100,0
DA:101,0
DA:102,9
DA:103,9
DA:104,9
DA:105,9
DA:106,9
DA:107,9
DA:108,9
DA:109,9
DA:110,9
DA:111,9
DA:112,9
DA:113,9
DA:114,9
DA:115,9
DA:116,9
DA:117,9
DA:118,9
DA:119,9
DA:120,9
DA:121,9
DA:122,18
DA:123,1
LF:123
LH:98
BRDA:17,0,0,10
BRDA:26,1,0,6
BRDA:30,2,0,3
BRDA:42,3,0,9
BRDA:57,4,0,18
BRDA:58,5,0,9
BRDA:59,6,0,3
BRDA:61,7,0,6
BRDA:87,8,0,0
BRDA:87,9,0,0
BRF:10
BRH:8
end_of_record
TN:
SF:src\components\Header\Header.tsx
FN:6,Header
FNF:1
FNH:1
FNDA:4,Header
DA:1,1
DA:2,1
DA:3,1
DA:4,1
DA:5,1
DA:6,1
DA:7,4
DA:8,4
DA:9,4
DA:10,4
DA:11,4
DA:12,4
DA:13,4
DA:14,4
DA:15,4
DA:16,4
DA:17,4
DA:18,4
DA:19,4
DA:20,4
DA:21,4
DA:22,4
DA:23,4
DA:24,4
DA:25,4
DA:26,4
DA:27,4
DA:28,4
DA:29,1
DA:30,1
LF:30
LH:30
BRDA:6,0,0,4
BRF:1
BRH:1
end_of_record
TN:
SF:src\components\Header\index.ts
FN:1,(empty-report)
FNF:1
FNH:0
FNDA:0,(empty-report)
DA:1,0
DA:2,0
LF:2
LH:0
BRDA:1,0,0,0
BRF:1
BRH:0
end_of_record
TN:
SF:src\components\Layout\Layout.tsx
FN:1,(empty-report)
FNF:1
FNH:0
FNDA:0,(empty-report)
DA:1,0
DA:2,0
DA:3,0
DA:4,0
DA:5,0
DA:6,0
DA:7,0
DA:8,0
DA:9,0
DA:10,0
DA:11,0
DA:12,0
DA:13,0
DA:14,0
DA:15,0
DA:16,0
DA:17,0
DA:18,0
DA:19,0
DA:20,0
DA:21,0
DA:22,0
DA:23,0
DA:24,0
DA:25,0
DA:26,0
DA:27,0
DA:28,0
DA:29,0
DA:30,0
DA:31,0
DA:32,0
DA:33,0
DA:34,0
DA:35,0
DA:36,0
DA:37,0
DA:38,0
DA:39,0
DA:40,0
DA:41,0
DA:42,0
DA:43,0
DA:44,0
DA:45,0
DA:46,0
DA:47,0
DA:48,0
DA:49,0
DA:50,0
DA:51,0
DA:52,0
DA:53,0
DA:54,0
DA:55,0
DA:56,0
DA:57,0
DA:58,0
DA:59,0
DA:60,0
DA:61,0
DA:62,0
DA:63,0
DA:64,0
DA:65,0
DA:66,0
DA:67,0
DA:68,0
DA:69,0
DA:70,0
DA:71,0
DA:72,0
DA:73,0
DA:74,0
DA:75,0
DA:76,0
DA:77,0
DA:78,0
DA:79,0
DA:80,0
DA:81,0
DA:82,0
DA:83,0
DA:84,0
DA:85,0
DA:86,0
DA:87,0
DA:88,0
DA:89,0
DA:90,0
DA:91,0
DA:92,0
DA:93,0
DA:94,0
DA:95,0
DA:96,0
DA:97,0
DA:98,0
DA:99,0
DA:100,0
DA:101,0
DA:102,0
DA:103,0
DA:104,0
DA:105,0
DA:106,0
DA:107,0
DA:108,0
DA:109,0
DA:110,0
DA:111,0
DA:112,0
DA:113,0
DA:114,0
DA:115,0
DA:116,0
DA:117,0
DA:118,0
DA:119,0
DA:120,0
DA:121,0
DA:122,0
DA:123,0
DA:124,0
DA:125,0
DA:126,0
DA:127,0
DA:128,0
DA:129,0
DA:130,0
DA:131,0
DA:132,0
DA:133,0
DA:134,0
DA:135,0
DA:136,0
DA:137,0
DA:138,0
DA:139,0
DA:140,0
DA:141,0
LF:141
LH:0
BRDA:1,0,0,0
BRF:1
BRH:0
end_of_record
TN:
SF:src\components\LoadingSpinner\LoadingSpinner.tsx
FN:1,(empty-report)
FNF:1
FNH:0
FNDA:0,(empty-report)
DA:1,0
DA:2,0
DA:3,0
DA:4,0
DA:5,0
DA:6,0
DA:7,0
DA:8,0
DA:9,0
DA:10,0
DA:11,0
DA:12,0
DA:13,0
DA:14,0
DA:15,0
DA:16,0
DA:17,0
DA:18,0
DA:19,0
DA:20,0
DA:21,0
DA:22,0
DA:23,0
DA:24,0
DA:25,0
DA:26,0
DA:27,0
DA:28,0
DA:29,0
DA:30,0
DA:31,0
DA:32,0
DA:33,0
DA:34,0
DA:35,0
DA:36,0
DA:37,0
DA:38,0
DA:39,0
DA:40,0
DA:41,0
LF:41
LH:0
BRDA:1,0,0,0
BRF:1
BRH:0
end_of_record
TN:
SF:src\components\MultiProposalViewer\MultiProposalViewer.tsx
FN:24,SingleViewer
FN:129,onClick
FN:140,onClick
FN:148,MultiProposalViewer
FN:203,onRemove
FNF:5
FNH:3
FNDA:4,SingleViewer
FNDA:0,onClick
FNDA:0,onClick
FNDA:5,MultiProposalViewer
FNDA:1,onRemove
DA:1,1
DA:2,1
DA:3,1
DA:4,1
DA:5,1
DA:6,1
DA:7,1
DA:8,1
DA:9,1
DA:10,1
DA:11,1
DA:12,1
DA:13,1
DA:14,1
DA:15,1
DA:16,1
DA:17,1
DA:18,1
DA:19,1
DA:20,1
DA:21,1
DA:22,1
DA:23,1
DA:24,1
DA:25,4
DA:26,4
DA:27,4
DA:28,4
DA:29,4
DA:30,4
DA:31,4
DA:32,4
DA:33,4
DA:34,4
DA:35,4
DA:36,4
DA:37,4
DA:38,4
DA:39,4
DA:40,4
DA:41,4
DA:42,4
DA:43,4
DA:44,4
DA:45,4
DA:46,4
DA:47,4
DA:48,4
DA:49,4
DA:50,4
DA:51,4
DA:52,4
DA:53,4
DA:54,4
DA:55,4
DA:56,4
DA:57,4
DA:58,4
DA:59,4
DA:60,4
DA:61,4
DA:62,4
DA:63,4
DA:64,4
DA:65,4
DA:66,4
DA:67,4
DA:68,4
DA:69,4
DA:70,4
DA:71,4
DA:72,4
DA:73,4
DA:74,4
DA:75,4
DA:76,4
DA:77,4
DA:78,4
DA:79,4
DA:80,4
DA:81,4
DA:82,4
DA:83,4
DA:84,4
DA:85,4
DA:86,4
DA:87,4
DA:88,4
DA:89,4
DA:90,0
DA:91,0
DA:92,0
DA:93,0
DA:94,0
DA:95,0
DA:96,0
DA:97,0
DA:98,0
DA:99,0
DA:100,0
DA:101,0
DA:102,0
DA:103,0
DA:104,0
DA:105,0
DA:106,0
DA:107,0
DA:108,0
DA:109,4
DA:110,4
DA:111,4
DA:112,4
DA:113,4
DA:114,4
DA:115,4
DA:116,4
DA:117,4
DA:118,4
DA:119,4
DA:120,4
DA:121,4
DA:122,4
DA:123,4
DA:124,4
DA:125,4
DA:126,4
DA:127,4
DA:128,4
DA:129,4
DA:130,4
DA:131,4
DA:132,4
DA:133,4
DA:134,4
DA:135,4
DA:136,4
DA:137,4
DA:138,4
DA:139,4
DA:140,4
DA:141,4
DA:142,4
DA:143,4
DA:144,4
DA:145,4
DA:146,4
DA:147,1
DA:148,1
DA:149,5
DA:150,5
DA:151,5
DA:152,5
DA:153,5
DA:154,2
DA:155,2
DA:156,2
DA:157,2
DA:158,2
DA:159,2
DA:160,2
DA:161,2
DA:162,2
DA:163,2
DA:164,2
DA:165,2
DA:166,2
DA:167,2
DA:168,2
DA:169,2
DA:170,2
DA:171,2
DA:172,2
DA:173,2
DA:174,2
DA:175,2
DA:176,2
DA:177,3
DA:178,3
DA:179,3
DA:180,3
DA:181,3
DA:182,3
DA:183,3
DA:184,3
DA:185,3
DA:186,3
DA:187,3
DA:188,3
DA:189,3
DA:190,3
DA:191,3
DA:192,3
DA:193,5
DA:194,5
DA:195,5
DA:196,5
DA:197,5
DA:198,5
DA:199,5
DA:200,5
DA:201,5
DA:202,5
DA:203,4
DA:204,5
DA:205,5
DA:206,5
DA:207,5
DA:208,5
DA:209,1
DA:210,1
LF:210
LH:191
BRDA:24,0,0,4
BRDA:30,1,0,0
BRDA:31,2,0,0
BRDA:89,3,0,0
BRDA:148,4,0,5
BRDA:153,5,0,2
BRDA:176,6,0,3
BRDA:193,7,0,1
BRDA:193,8,0,2
BRDA:196,9,0,1
BRDA:196,10,0,2
BRDA:202,11,0,4
BRDA:203,12,0,1
BRF:13
BRH:10
end_of_record
TN:
SF:src\components\MultiProposalViewer\index.ts
FN:1,(empty-report)
FNF:1
FNH:0
FNDA:0,(empty-report)
DA:1,0
LF:1
LH:0
BRDA:1,0,0,0
BRF:1
BRH:0
end_of_record
TN:
SF:src\components\PrivateRoute\PrivateRoute.tsx
FN:20,PrivateRoute
FN:31,render
FNF:2
FNH:2
FNDA:7,PrivateRoute
FNDA:7,render
DA:1,1
DA:2,1
DA:3,1
DA:4,1
DA:5,1
DA:6,1
DA:7,1
DA:8,1
DA:9,1
DA:10,1
DA:11,1
DA:12,1
DA:13,1
DA:14,1
DA:15,1
DA:16,1
DA:17,1
DA:18,1
DA:19,1
DA:20,1
DA:21,7
DA:22,7
DA:23,7
DA:24,7
DA:25,7
DA:26,7
DA:27,7
DA:28,7
DA:29,7
DA:30,7
DA:31,7
DA:32,7
DA:33,7
DA:34,1
DA:35,1
DA:36,1
DA:37,1
DA:38,1
DA:39,1
DA:40,1
DA:41,1
DA:42,1
DA:43,6
DA:44,6
DA:45,7
DA:46,1
DA:47,1
DA:48,5
DA:49,5
DA:50,7
DA:51,1
DA:52,1
DA:53,4
DA:54,4
DA:55,4
DA:56,7
DA:57,7
DA:58,7
DA:59,7
DA:60,1
DA:61,1
LF:61
LH:61
BRDA:20,0,0,7
BRDA:31,1,0,7
BRDA:33,2,0,1
BRDA:42,3,0,6
BRDA:45,4,0,2
BRDA:45,5,0,1
BRDA:47,6,0,5
BRDA:50,7,0,2
BRDA:50,8,0,1
BRDA:52,9,0,4
BRF:10
BRH:10
end_of_record
TN:
SF:src\components\PrivateRoute\index.ts
FN:1,(empty-report)
FNF:1
FNH:0
FNDA:0,(empty-report)
DA:1,0
DA:2,0
LF:2
LH:0
BRDA:1,0,0,0
BRF:1
BRH:0
end_of_record
TN:
SF:src\components\ProposalUpload\ProposalUpload.tsx
FN:54,ProposalUpload
FN:124,initializeStorage
FN:137,processFile
FN:200,handleReplaceConfirm
FN:251,handleCancelUpload
FN:266,actualProcessFile
FN:401,processBatchFiles
FN:479,handleFileSelect
FN:502,handleDragOver
FN:508,handleDragLeave
FN:514,handleDrop
FN:525,handleUploadClick
FN:529,handleLoadProposal
FN:566,handleDeleteProposal
FN:587,formatFileSize
FN:593,formatRelativeTime
FN:605,getFileIcon
FN:708,onClick
FNF:18
FNH:2
FNDA:5,ProposalUpload
FNDA:5,initializeStorage
FNDA:0,processFile
FNDA:0,handleReplaceConfirm
FNDA:0,handleCancelUpload
FNDA:0,actualProcessFile
FNDA:0,processBatchFiles
FNDA:0,handleFileSelect
FNDA:0,handleDragOver
FNDA:0,handleDragLeave
FNDA:0,handleDrop
FNDA:0,handleUploadClick
FNDA:0,handleLoadProposal
FNDA:0,handleDeleteProposal
FNDA:0,formatFileSize
FNDA:0,formatRelativeTime
FNDA:0,getFileIcon
FNDA:0,onClick
DA:1,1
DA:2,1
DA:3,1
DA:4,1
DA:5,1
DA:6,1
DA:7,1
DA:8,1
DA:9,1
DA:10,1
DA:11,1
DA:12,1
DA:13,1
DA:14,1
DA:15,1
DA:16,1
DA:17,1
DA:18,1
DA:19,1
DA:20,1
DA:21,1
DA:22,1
DA:23,1
DA:24,1
DA:25,1
DA:26,1
DA:27,1
DA:28,1
DA:29,1
DA:30,1
DA:31,1
DA:32,1
DA:33,1
DA:34,1
DA:35,1
DA:36,1
DA:37,1
DA:38,1
DA:39,1
DA:40,1
DA:41,1
DA:42,1
DA:43,1
DA:44,1
DA:45,1
DA:46,1
DA:47,1
DA:48,1
DA:49,1
DA:50,1
DA:51,1
DA:52,1
DA:53,1
DA:54,1
DA:55,5
DA:56,5
DA:57,5
DA:58,5
DA:59,5
DA:60,5
DA:61,5
DA:62,5
DA:63,5
DA:64,5
DA:65,5
DA:66,5
DA:67,5
DA:68,5
DA:69,5
DA:70,5
DA:71,5
DA:72,5
DA:73,5
DA:74,5
DA:75,5
DA:76,5
DA:77,5
DA:78,5
DA:79,5
DA:80,5
DA:81,5
DA:82,5
DA:83,5
DA:84,5
DA:85,5
DA:86,5
DA:87,5
DA:88,5
DA:89,5
DA:90,5
DA:91,5
DA:92,5
DA:93,5
DA:94,5
DA:95,5
DA:96,5
DA:97,5
DA:98,5
DA:99,5
DA:100,5
DA:101,5
DA:102,5
DA:103,5
DA:104,5
DA:105,5
DA:106,5
DA:107,5
DA:108,5
DA:109,5
DA:110,5
DA:111,5
DA:112,5
DA:113,5
DA:114,5
DA:115,5
DA:116,5
DA:117,5
DA:118,5
DA:119,5
DA:120,5
DA:121,5
DA:122,5
DA:123,5
DA:124,5
DA:125,5
DA:126,5
DA:127,5
DA:128,5
DA:129,5
DA:130,5
DA:131,5
DA:132,5
DA:133,5
DA:134,5
DA:135,5
DA:136,5
DA:137,5
DA:138,0
DA:139,0
DA:140,0
DA:141,0
DA:142,0
DA:143,0
DA:144,0
DA:145,0
DA:146,0
DA:147,0
DA:148,0
DA:149,0
DA:150,0
DA:151,0
DA:152,0
DA:153,0
DA:154,0
DA:155,0
DA:156,0
DA:157,0
DA:158,0
DA:159,0
DA:160,0
DA:161,0
DA:162,0
DA:163,0
DA:164,0
DA:165,0
DA:166,0
DA:167,0
DA:168,0
DA:169,0
DA:170,0
DA:171,0
DA:172,0
DA:173,0
DA:174,0
DA:175,0
DA:176,0
DA:177,0
DA:178,0
DA:179,0
DA:180,0
DA:181,0
DA:182,0
DA:183,0
DA:184,0
DA:185,0
DA:186,0
DA:187,0
DA:188,0
DA:189,0
DA:190,0
DA:191,0
DA:192,0
DA:193,0
DA:194,0
DA:195,0
DA:196,0
DA:197,0
DA:198,5
DA:199,5
DA:200,5
DA:201,0
DA:202,0
DA:203,0
DA:204,0
DA:205,0
DA:206,0
DA:207,0
DA:208,0
DA:209,0
DA:210,0
DA:211,0
DA:212,0
DA:213,0
DA:214,0
DA:215,0
DA:216,0
DA:217,0
DA:218,0
DA:219,0
DA:220,0
DA:221,0
DA:222,0
DA:223,0
DA:224,0
DA:225,0
DA:226,0
DA:227,0
DA:228,0
DA:229,0
DA:230,0
DA:231,0
DA:232,0
DA:233,0
DA:234,0
DA:235,0
DA:236,0
DA:237,0
DA:238,0
DA:239,0
DA:240,0
DA:241,0
DA:242,0
DA:243,0
DA:244,0
DA:245,0
DA:246,0
DA:247,0
DA:248,0
DA:249,0
DA:250,5
DA:251,5
DA:252,0
DA:253,0
DA:254,0
DA:255,0
DA:256,0
DA:257,0
DA:258,0
DA:259,0
DA:260,0
DA:261,0
DA:262,0
DA:263,0
DA:264,5
DA:265,5
DA:266,5
DA:267,0
DA:268,0
DA:269,0
DA:270,0
DA:271,0
DA:272,0
DA:273,0
DA:274,0
DA:275,0
DA:276,0
DA:277,0
DA:278,0
DA:279,0
DA:280,0
DA:281,0
DA:282,0
DA:283,0
DA:284,0
DA:285,0
DA:286,0
DA:287,0
DA:288,0
DA:289,0
DA:290,0
DA:291,0
DA:292,0
DA:293,0
DA:294,0
DA:295,0
DA:296,0
DA:297,0
DA:298,0
DA:299,0
DA:300,0
DA:301,0
DA:302,0
DA:303,0
DA:304,0
DA:305,0
DA:306,0
DA:307,0
DA:308,0
DA:309,0
DA:310,0
DA:311,0
DA:312,0
DA:313,0
DA:314,0
DA:315,0
DA:316,0
DA:317,0
DA:318,0
DA:319,0
DA:320,0
DA:321,0
DA:322,0
DA:323,0
DA:324,0
DA:325,0
DA:326,0
DA:327,0
DA:328,0
DA:329,0
DA:330,0
DA:331,0
DA:332,0
DA:333,0
DA:334,0
DA:335,0
DA:336,0
DA:337,0
DA:338,0
DA:339,0
DA:340,0
DA:341,0
DA:342,0
DA:343,0
DA:344,0
DA:345,0
DA:346,0
DA:347,0
DA:348,0
DA:349,0
DA:350,0
DA:351,0
DA:352,0
DA:353,0
DA:354,0
DA:355,0
DA:356,0
DA:357,0
DA:358,0
DA:359,0
DA:360,0
DA:361,0
DA:362,0
DA:363,0
DA:364,0
DA:365,0
DA:366,0
DA:367,0
DA:368,0
DA:369,0
DA:370,0
DA:371,0
DA:372,0
DA:373,0
DA:374,0
DA:375,0
DA:376,0
DA:377,0
DA:378,0
DA:379,0
DA:380,0
DA:381,0
DA:382,0
DA:383,0
DA:384,0
DA:385,0
DA:386,0
DA:387,0
DA:388,0
DA:389,0
DA:390,0
DA:391,0
DA:392,0
DA:393,0
DA:394,0
DA:395,0
DA:396,0
DA:397,0
DA:398,0
DA:399,5
DA:400,5
DA:401,5
DA:402,0
DA:403,0
DA:404,0
DA:405,0
DA:406,0
DA:407,0
DA:408,0
DA:409,0
DA:410,0
DA:411,0
DA:412,0
DA:413,0
DA:414,0
DA:415,0
DA:416,0
DA:417,0
DA:418,0
DA:419,0
DA:420,0
DA:421,0
DA:422,0
DA:423,0
DA:424,0
DA:425,0
DA:426,0
DA:427,0
DA:428,0
DA:429,0
DA:430,0
DA:431,0
DA:432,0
DA:433,0
DA:434,0
DA:435,0
DA:436,0
DA:437,0
DA:438,0
DA:439,0
DA:440,0
DA:441,0
DA:442,0
DA:443,0
DA:444,0
DA:445,0
DA:446,0
DA:447,0
DA:448,0
DA:449,0
DA:450,0
DA:451,0
DA:452,0
DA:453,0
DA:454,0
DA:455,0
DA:456,0
DA:457,0
DA:458,0
DA:459,0
DA:460,0
DA:461,0
DA:462,0
DA:463,0
DA:464,0
DA:465,0
DA:466,0
DA:467,0
DA:468,0
DA:469,0
DA:470,0
DA:471,0
DA:472,0
DA:473,0
DA:474,0
DA:475,0
DA:476,0
DA:477,0
DA:478,5
DA:479,5
DA:480,0
DA:481,0
DA:482,0
DA:483,0
DA:484,0
DA:485,0
DA:486,0
DA:487,0
DA:488,0
DA:489,0
DA:490,0
DA:491,0
DA:492,0
DA:493,0
DA:494,0
DA:495,0
DA:496,0
DA:497,0
DA:498,0
DA:499,0
DA:500,0
DA:501,5
DA:502,5
DA:503,0
DA:504,0
DA:505,0
DA:506,0
DA:507,5
DA:508,5
DA:509,0
DA:510,0
DA:511,0
DA:512,0
DA:513,5
DA:514,5
DA:515,0
DA:516,0
DA:517,0
DA:518,0
DA:519,0
DA:520,0
DA:521,0
DA:522,0
DA:523,0
DA:524,5
DA:525,5
DA:526,0
DA:527,0
DA:528,5
DA:529,5
DA:530,0
DA:531,0
DA:532,0
DA:533,0
DA:534,0
DA:535,0
DA:536,0
DA:537,0
DA:538,0
DA:539,0
DA:540,0
DA:541,0
DA:542,0
DA:543,0
DA:544,0
DA:545,0
DA:546,0
DA:547,0
DA:548,0
DA:549,0
DA:550,0
DA:551,0
DA:552,0
DA:553,0
DA:554,0
DA:555,0
DA:556,0
DA:557,0
DA:558,0
DA:559,0
DA:560,0
DA:561,0
DA:562,0
DA:563,0
DA:564,0
DA:565,5
DA:566,5
DA:567,0
DA:568,0
DA:569,0
DA:570,0
DA:571,0
DA:572,0
DA:573,0
DA:574,0
DA:575,0
DA:576,0
DA:577,0
DA:578,0
DA:579,0
DA:580,0
DA:581,0
DA:582,0
DA:583,0
DA:584,0
DA:585,0
DA:586,5
DA:587,5
DA:588,0
DA:589,0
DA:590,0
DA:591,0
DA:592,5
DA:593,5
DA:594,0
DA:595,0
DA:596,0
DA:597,0
DA:598,0
DA:599,0
DA:600,0
DA:601,0
DA:602,0
DA:603,0
DA:604,5
DA:605,5
DA:606,0
DA:607,0
DA:608,0
DA:609,0
DA:610,5
DA:611,5
DA:612,5
DA:613,5
DA:614,5
DA:615,5
DA:616,5
DA:617,5
DA:618,5
DA:619,5
DA:620,5
DA:621,5
DA:622,5
DA:623,5
DA:624,5
DA:625,5
DA:626,5
DA:627,5
DA:628,5
DA:629,5
DA:630,5
DA:631,5
DA:632,5
DA:633,5
DA:634,5
DA:635,5
DA:636,5
DA:637,5
DA:638,5
DA:639,5
DA:640,5
DA:641,5
DA:642,5
DA:643,5
DA:644,5
DA:645,5
DA:646,5
DA:647,5
DA:648,5
DA:649,5
DA:650,5
DA:651,5
DA:652,5
DA:653,5
DA:654,5
DA:655,5
DA:656,5
DA:657,5
DA:658,5
DA:659,5
DA:660,5
DA:661,5
DA:662,5
DA:663,0
DA:664,0
DA:665,0
DA:666,0
DA:667,0
DA:668,0
DA:669,0
DA:670,0
DA:671,0
DA:672,0
DA:673,0
DA:674,0
DA:675,0
DA:676,0
DA:677,0
DA:678,0
DA:679,0
DA:680,0
DA:681,0
DA:682,5
DA:683,5
DA:684,5
DA:685,0
DA:686,0
DA:687,0
DA:688,0
DA:689,0
DA:690,0
DA:691,0
DA:692,0
DA:693,0
DA:694,0
DA:695,0
DA:696,0
DA:697,5
DA:698,5
DA:699,5
DA:700,5
DA:701,0
DA:702,0
DA:703,0
DA:704,0
DA:705,0
DA:706,0
DA:707,0
DA:708,0
DA:709,0
DA:710,0
DA:711,0
DA:712,0
DA:713,0
DA:714,0
DA:715,0
DA:716,0
DA:717,0
DA:718,0
DA:719,0
DA:720,0
DA:721,0
DA:722,0
DA:723,0
DA:724,0
DA:725,0
DA:726,0
DA:727,0
DA:728,0
DA:729,0
DA:730,0
DA:731,0
DA:732,0
DA:733,0
DA:734,0
DA:735,0
DA:736,0
DA:737,0
DA:738,0
DA:739,0
DA:740,0
DA:741,0
DA:742,0
DA:743,0
DA:744,0
DA:745,0
DA:746,0
DA:747,0
DA:748,0
DA:749,0
DA:750,0
DA:751,0
DA:752,0
DA:753,0
DA:754,0
DA:755,0
DA:756,0
DA:757,0
DA:758,0
DA:759,0
DA:760,0
DA:761,0
DA:762,0
DA:763,0
DA:764,0
DA:765,0
DA:766,0
DA:767,0
DA:768,0
DA:769,0
DA:770,0
DA:771,0
DA:772,0
DA:773,0
DA:774,0
DA:775,0
DA:776,0
DA:777,0
DA:778,0
DA:779,0
DA:780,0
DA:781,0
DA:782,0
DA:783,0
DA:784,0
DA:785,0
DA:786,0
DA:787,0
DA:788,0
DA:789,0
DA:790,0
DA:791,0
DA:792,0
DA:793,0
DA:794,0
DA:795,0
DA:796,0
DA:797,0
DA:798,0
DA:799,0
DA:800,0
DA:801,0
DA:802,0
DA:803,0
DA:804,0
DA:805,0
DA:806,0
DA:807,0
DA:808,0
DA:809,0
DA:810,0
DA:811,0
DA:812,0
DA:813,0
DA:814,0
DA:815,0
DA:816,0
DA:817,0
DA:818,0
DA:819,0
DA:820,0
DA:821,0
DA:822,0
DA:823,0
DA:824,0
DA:825,0
DA:826,0
DA:827,0
DA:828,0
DA:829,0
DA:830,0
DA:831,0
DA:832,0
DA:833,0
DA:834,0
DA:835,0
DA:836,0
DA:837,0
DA:838,0
DA:839,0
DA:840,0
DA:841,0
DA:842,0
DA:843,0
DA:844,0
DA:845,0
DA:846,0
DA:847,0
DA:848,0
DA:849,0
DA:850,0
DA:851,0
DA:852,0
DA:853,0
DA:854,0
[...]
DA:256,1
DA:257,1
DA:258,1
DA:259,1
DA:260,1
DA:261,1
DA:262,1
DA:263,1
DA:264,1
DA:265,1
DA:266,1
DA:267,1
DA:268,1
DA:269,1
DA:270,1
DA:271,1
DA:272,1
DA:273,1
DA:274,1
DA:275,1
DA:276,1
DA:277,1
DA:278,1
DA:279,1
DA:280,1
DA:281,1
DA:282,1
DA:283,1
DA:284,1
DA:285,1
DA:286,1
DA:287,1
DA:288,1
DA:289,1
DA:290,1
DA:291,1
DA:292,1
DA:293,1
DA:294,1
DA:295,1
DA:296,1
DA:297,1
DA:298,1
DA:299,1
DA:300,1
DA:301,1
DA:302,1
DA:303,1
DA:304,1
DA:305,1
DA:306,1
DA:307,1
DA:308,1
DA:309,1
DA:310,1
DA:311,1
DA:312,1
DA:313,1
DA:314,1
DA:315,1
DA:316,1
DA:317,1
DA:318,1
DA:319,1
DA:320,1
DA:321,1
DA:322,1
DA:323,1
DA:324,1
DA:325,1
DA:326,1
DA:327,1
DA:328,1
DA:329,1
DA:330,1
DA:331,1
DA:332,1
DA:333,1
DA:334,1
DA:335,1
DA:336,1
DA:337,1
DA:338,1
DA:339,1
DA:340,1
DA:341,1
DA:342,1
DA:343,1
DA:344,1
DA:345,1
DA:346,1
DA:347,1
DA:348,1
DA:349,1
DA:350,1
DA:351,1
DA:352,1
DA:353,1
DA:354,1
DA:355,1
DA:356,1
DA:357,1
DA:358,1
DA:359,1
DA:360,1
DA:361,1
DA:362,1
DA:363,1
DA:364,1
DA:365,1
DA:366,1
DA:367,1
DA:368,1
DA:369,1
DA:370,1
DA:371,1
DA:372,1
DA:373,1
DA:374,1
DA:375,1
DA:376,1
DA:377,1
DA:378,1
DA:379,1
DA:380,1
DA:381,1
DA:382,1
DA:383,1
DA:384,1
DA:385,1
DA:386,1
DA:387,1
DA:388,1
DA:389,1
DA:390,1
DA:391,1
DA:392,1
DA:393,1
DA:394,1
DA:395,1
DA:396,1
DA:397,1
DA:398,1
DA:399,1
DA:400,1
DA:401,1
DA:402,1
DA:403,1
DA:404,1
DA:405,1
DA:406,1
DA:407,1
DA:408,1
DA:409,1
DA:410,1
DA:411,1
DA:412,1
DA:413,1
DA:414,1
DA:415,1
DA:416,1
DA:417,1
DA:418,1
DA:419,1
DA:420,1
DA:421,1
DA:422,1
DA:423,1
DA:424,1
DA:425,1
DA:426,1
DA:427,1
DA:428,1
DA:429,1
DA:430,1
DA:431,1
DA:432,1
DA:433,1
DA:434,1
DA:435,1
DA:436,1
DA:437,1
DA:438,1
DA:439,1
DA:440,1
DA:441,1
DA:442,1
DA:443,1
DA:444,1
DA:445,1
DA:446,1
DA:447,1
DA:448,1
DA:449,1
DA:450,1
DA:451,1
DA:452,1
DA:453,1
DA:454,1
DA:455,1
DA:456,1
DA:457,1
DA:458,1
DA:459,1
DA:460,1
DA:461,1
DA:462,1
DA:463,1
DA:464,1
DA:465,1
DA:466,1
DA:467,1
DA:468,1
DA:469,1
DA:470,1
DA:471,1
DA:472,1
DA:473,1
DA:474,1
DA:475,1
DA:476,1
DA:477,1
DA:478,1
DA:479,1
DA:480,1
DA:481,1
DA:482,1
DA:483,1
DA:484,1
DA:485,1
DA:486,1
DA:487,1
DA:488,1
DA:489,1
DA:490,1
DA:491,1
DA:492,1
DA:493,1
DA:494,1
DA:495,1
DA:496,1
DA:497,1
DA:498,1
DA:499,1
DA:500,1
DA:501,1
DA:502,1
DA:503,1
DA:504,1
DA:505,1
DA:506,1
DA:507,1
DA:508,1
DA:509,1
DA:510,1
DA:511,1
DA:512,1
DA:513,1
DA:514,1
DA:515,1
DA:516,1
DA:517,1
DA:518,1
DA:519,1
DA:520,1
DA:521,1
DA:522,1
DA:523,1
DA:524,1
DA:525,1
DA:526,1
DA:527,1
DA:528,1
DA:529,1
DA:530,1
DA:531,1
DA:532,1
DA:533,1
DA:534,1
DA:535,1
DA:536,1
DA:537,1
DA:538,1
DA:539,1
DA:540,1
DA:541,1
DA:542,1
DA:543,1
DA:544,1
DA:545,1
DA:546,1
DA:547,1
DA:548,1
DA:549,1
DA:550,1
DA:551,1
DA:552,1
DA:553,1
DA:554,1
DA:555,1
DA:556,1
DA:557,1
DA:558,1
DA:559,1
DA:560,1
DA:561,1
DA:562,1
DA:563,1
DA:564,1
DA:565,1
DA:566,1
DA:567,1
DA:568,1
DA:569,1
DA:570,1
DA:571,1
DA:572,1
DA:573,1
DA:574,1
DA:575,1
DA:576,1
DA:577,1
DA:578,1
DA:579,1
DA:580,1
DA:581,1
DA:582,1
DA:583,1
DA:584,1
DA:585,1
DA:586,1
DA:587,1
DA:588,1
DA:589,1
DA:590,1
DA:591,1
DA:592,1
DA:593,1
DA:594,1
DA:595,1
DA:596,1
DA:597,1
DA:598,1
DA:599,1
DA:600,1
DA:601,1
DA:602,1
DA:603,1
DA:604,1
DA:605,1
DA:606,1
DA:607,1
DA:608,1
DA:609,1
DA:610,1
DA:611,1
DA:612,1
DA:613,1
DA:614,1
DA:615,1
DA:616,1
DA:617,1
DA:618,1
DA:619,1
DA:620,1
DA:621,1
DA:622,1
DA:623,1
DA:624,1
DA:625,1
DA:626,1
DA:627,1
DA:628,1
DA:629,1
DA:630,1
DA:631,1
DA:632,1
DA:633,1
DA:634,1
DA:635,1
DA:636,1
DA:637,1
DA:638,1
DA:639,1
DA:640,1
DA:641,1
DA:642,1
DA:643,1
DA:644,1
DA:645,1
DA:646,1
DA:647,1
DA:648,1
DA:649,1
DA:650,1
DA:651,1
DA:652,1
DA:653,1
DA:654,1
DA:655,1
DA:656,1
DA:657,1
DA:658,1
DA:659,1
DA:660,1
DA:661,1
DA:662,1
DA:663,1
DA:664,1
DA:665,1
DA:666,1
DA:667,1
DA:668,1
DA:669,1
DA:670,1
DA:671,1
DA:672,1
DA:673,1
DA:674,1
DA:675,1
DA:676,1
DA:677,1
DA:678,1
DA:679,1
DA:680,1
DA:681,1
DA:682,1
DA:683,1
DA:684,1
DA:685,1
DA:686,1
DA:687,1
DA:688,1
DA:689,1
DA:690,1
DA:691,1
DA:692,1
DA:693,1
DA:694,1
DA:695,1
DA:696,1
DA:697,1
DA:698,1
DA:699,1
DA:700,1
DA:701,1
DA:702,1
DA:703,1
DA:704,1
DA:705,1
DA:706,1
DA:707,1
DA:708,1
DA:709,1
DA:710,1
DA:711,1
DA:712,1
DA:713,1
DA:714,1
DA:715,1
DA:716,1
DA:717,1
DA:718,1
DA:719,1
DA:720,1
DA:721,1
DA:722,1
DA:723,1
DA:724,1
DA:725,1
DA:726,1
DA:727,1
DA:728,1
DA:729,1
DA:730,1
DA:731,1
DA:732,1
DA:733,1
DA:734,1
DA:735,1
DA:736,1
DA:737,1
DA:738,1
DA:739,1
DA:740,1
DA:741,1
DA:742,1
DA:743,1
DA:744,1
DA:745,1
DA:746,1
DA:747,1
DA:748,1
DA:749,1
DA:750,1
DA:751,1
DA:752,1
DA:753,1
DA:754,1
DA:755,1
DA:756,1
DA:757,1
DA:758,1
DA:759,1
DA:760,1
DA:761,1
DA:762,1
DA:763,1
DA:764,1
DA:765,1
DA:766,1
DA:767,1
DA:768,1
DA:769,1
DA:770,1
DA:771,1
DA:772,1
DA:773,1
DA:774,1
DA:775,1
DA:776,1
DA:777,1
DA:778,1
DA:779,1
DA:780,1
DA:781,1
DA:782,1
DA:783,1
DA:784,1
DA:785,1
DA:786,1
DA:787,1
DA:788,1
DA:789,1
DA:790,1
DA:791,1
DA:792,1
DA:793,1
DA:794,1
DA:795,1
DA:796,1
DA:797,1
DA:798,1
DA:799,1
DA:800,1
DA:801,1
DA:802,1
DA:803,1
DA:804,1
DA:805,1
DA:806,1
DA:807,1
DA:808,1
DA:809,1
DA:810,1
DA:811,1
DA:812,1
DA:813,1
DA:814,1
DA:815,1
DA:816,1
DA:817,1
DA:818,1
DA:819,1
DA:820,1
DA:821,1
DA:822,1
DA:823,1
DA:824,1
DA:825,1
DA:826,1
DA:827,1
DA:828,1
DA:829,1
DA:830,1
DA:831,1
DA:832,1
DA:833,1
DA:834,1
DA:835,1
DA:836,1
DA:837,1
DA:838,1
DA:839,1
DA:840,1
DA:841,1
DA:842,1
DA:843,1
DA:844,1
DA:845,1
DA:846,1
DA:847,1
DA:848,1
DA:849,1
DA:850,1
DA:851,1
DA:852,1
DA:853,1
DA:854,1
DA:855,1
DA:856,1
DA:857,1
DA:858,1
DA:859,1
DA:860,1
DA:861,1
DA:862,1
DA:863,1
DA:864,1
DA:865,1
DA:866,1
DA:867,1
DA:868,1
DA:869,1
DA:870,1
DA:871,1
DA:872,1
DA:873,1
DA:874,1
DA:875,1
DA:876,1
DA:877,1
DA:878,1
DA:879,1
DA:880,1
DA:881,1
DA:882,1
DA:883,1
DA:884,1
DA:885,1
DA:886,1
DA:887,1
DA:888,1
DA:889,1
DA:890,1
DA:891,1
DA:892,1
DA:893,1
DA:894,1
DA:895,1
DA:896,1
DA:897,1
DA:898,1
DA:899,1
DA:900,1
DA:901,1
DA:902,1
DA:903,1
DA:904,1
DA:905,1
DA:906,1
DA:907,1
DA:908,1
DA:909,1
DA:910,1
DA:911,1
DA:912,1
DA:913,1
DA:914,1
DA:915,1
DA:916,1
DA:917,1
DA:918,1
DA:919,1
DA:920,1
DA:921,1
DA:922,1
DA:923,1
DA:924,1
DA:925,1
DA:926,1
DA:927,1
DA:928,1
DA:929,1
DA:930,1
DA:931,1
DA:932,1
DA:933,1
DA:934,1
DA:935,1
DA:936,1
DA:937,1
DA:938,1
DA:939,1
DA:940,1
DA:941,1
DA:942,1
DA:943,1
DA:944,1
DA:945,1
DA:946,1
DA:947,1
DA:948,1
DA:949,1
DA:950,1
DA:951,1
DA:952,1
DA:953,1
DA:954,1
DA:955,1
DA:956,1
DA:957,1
DA:958,1
DA:959,1
DA:960,1
DA:961,1
DA:962,1
DA:963,1
DA:964,1
DA:965,1
DA:966,1
DA:967,1
DA:968,1
DA:969,1
DA:970,1
DA:971,1
DA:972,1
DA:973,1
DA:974,1
DA:975,1
DA:976,1
DA:977,1
DA:978,1
DA:979,1
DA:980,1
DA:981,1
DA:982,1
DA:983,1
DA:984,1
DA:985,1
DA:986,1
DA:987,1
DA:988,1
DA:989,1
DA:990,1
DA:991,1
DA:992,1
DA:993,1
DA:994,1
DA:995,1
DA:996,1
DA:997,1
DA:998,1
DA:999,1
DA:1000,1
DA:1001,1
DA:1002,1
DA:1003,1
DA:1004,1
DA:1005,1
DA:1006,1
DA:1007,1
DA:1008,1
DA:1009,1
DA:1010,1
DA:1011,1
DA:1012,1
DA:1013,1
DA:1014,1
DA:1015,1
DA:1016,1
DA:1017,1
DA:1018,1
DA:1019,1
DA:1020,1
DA:1021,1
DA:1022,1
DA:1023,1
DA:1024,1
DA:1025,1
DA:1026,1
DA:1027,1
DA:1028,1
DA:1029,1
DA:1030,1
DA:1031,1
DA:1032,1
DA:1033,1
DA:1034,1
DA:1035,1
DA:1036,1
DA:1037,1
DA:1038,1
DA:1039,1
DA:1040,1
DA:1041,1
DA:1042,1
DA:1043,1
DA:1044,1
DA:1045,1
DA:1046,1
DA:1047,1
DA:1048,1
DA:1049,1
DA:1050,1
DA:1051,1
DA:1052,1
DA:1053,1
DA:1054,1
DA:1055,1
DA:1056,1
DA:1057,1
DA:1058,1
DA:1059,1
DA:1060,1
DA:1061,1
DA:1062,1
DA:1063,1
DA:1064,1
DA:1065,1
DA:1066,1
DA:1067,1
DA:1068,1
DA:1069,1
DA:1070,1
DA:1071,1
DA:1072,1
DA:1073,1
DA:1074,1
DA:1075,1
DA:1076,1
DA:1077,1
DA:1078,1
DA:1079,1
DA:1080,1
DA:1081,1
DA:1082,1
DA:1083,1
DA:1084,1
DA:1085,1
DA:1086,1
DA:1087,1
DA:1088,1
DA:1089,1
DA:1090,1
DA:1091,1
DA:1092,1
DA:1093,1
DA:1094,1
DA:1095,1
DA:1096,1
DA:1097,1
DA:1098,1
DA:1099,1
DA:1100,1
DA:1101,1
DA:1102,1
DA:1103,1
DA:1104,1
DA:1105,1
DA:1106,1
DA:1107,1
DA:1108,1
DA:1109,1
DA:1110,1
DA:1111,1
DA:1112,1
DA:1113,1
DA:1114,1
DA:1115,1
DA:1116,1
DA:1117,1
DA:1118,1
DA:1119,1
LF:1119
LH:1119
BRF:0
BRH:0
end_of_record
TN:
SF:src\utils\proposalStorage.ts
FN:14,openDB
FN:18,request.onupgradeneeded
FN:35,request.onsuccess
FN:36,request.onerror
FN:43,saveProposalToLibrary
FN:61,tx.oncomplete
FN:62,tx.onerror
FN:81,loadRecentProposals
FN:93,request.onsuccess
FN:102,request.onerror
FN:118,loadProposalById
FN:125,result
FN:126,request.onsuccess
FN:127,request.onerror
FN:146,findDuplicateProposal
FN:160,results
FN:161,request.onsuccess
FN:162,request.onerror
FN:189,deleteProposalFromLibrary
FN:197,tx.oncomplete
FN:198,tx.onerror
FN:213,cleanupOldProposals
FN:225,request.onsuccess
FN:234,request.onerror
FN:247,tx.oncomplete
FN:248,tx.onerror
FN:260,clearProposalLibrary
FN:268,tx.oncomplete
FN:269,tx.onerror
FNF:29
FNH:20
FNDA:70,openDB
FNDA:1,request.onupgradeneeded
FNDA:70,request.onsuccess
FNDA:0,request.onerror
FNDA:25,saveProposalToLibrary
FNDA:25,tx.oncomplete
FNDA:0,tx.onerror
FNDA:6,loadRecentProposals
FNDA:46,request.onsuccess
FNDA:0,request.onerror
FNDA:5,loadProposalById
FNDA:5,result
FNDA:5,request.onsuccess
FNDA:0,request.onerror
FNDA:3,findDuplicateProposal
FNDA:3,results
FNDA:3,request.onsuccess
FNDA:0,request.onerror
FNDA:3,deleteProposalFromLibrary
FNDA:3,tx.oncomplete
FNDA:0,tx.onerror
FNDA:25,cleanupOldProposals
FNDA:243,request.onsuccess
FNDA:0,request.onerror
FNDA:25,tx.oncomplete
FNDA:0,tx.onerror
FNDA:3,clearProposalLibrary
FNDA:3,tx.oncomplete
FNDA:0,tx.onerror
DA:1,1
DA:2,1
DA:3,1
DA:4,1
DA:5,1
DA:6,1
DA:7,1
DA:8,1
DA:9,1
DA:10,1
DA:11,1
DA:12,1
DA:13,1
DA:14,70
DA:15,70
DA:16,70
DA:17,70
DA:18,70
DA:19,1
DA:20,1
DA:21,1
DA:22,1
DA:23,1
DA:24,1
DA:25,1
DA:26,1
DA:27,1
DA:28,1
DA:29,1
DA:30,1
DA:31,1
DA:32,1
DA:33,1
DA:34,70
DA:35,70
DA:36,70
DA:37,70
DA:38,70
DA:39,1
DA:40,1
DA:41,1
DA:42,1
DA:43,25
DA:44,25
DA:45,25
DA:46,25
DA:47,25
DA:48,25
DA:49,25
DA:50,25
DA:51,25
DA:52,25
DA:53,25
DA:54,25
DA:55,25
DA:56,25
DA:57,25
DA:58,25
DA:59,25
DA:60,25
DA:61,25
DA:62,25
DA:63,25
DA:64,25
DA:65,25
DA:66,25
DA:67,25
DA:68,25
DA:69,25
DA:70,25
DA:71,25
DA:72,25
DA:73,0
DA:74,0
DA:75,0
DA:76,25
DA:77,1
DA:78,1
DA:79,1
DA:80,1
DA:81,6
DA:82,6
DA:83,6
DA:84,6
DA:85,6
DA:86,6
DA:87,6
DA:88,6
DA:89,6
DA:90,6
DA:91,6
DA:92,6
DA:93,6
DA:94,46
DA:95,46
DA:96,40
DA:97,40
DA:98,46
DA:99,6
DA:100,6
DA:101,46
DA:102,6
DA:103,6
DA:104,6
DA:105,6
DA:106,6
DA:107,6
DA:108,6
DA:109,6
DA:110,0
DA:111,0
DA:112,0
DA:113,6
DA:114,1
DA:115,1
DA:116,1
DA:117,1
DA:118,5
DA:119,5
DA:120,5
DA:121,5
DA:122,5
DA:123,5
DA:124,5
DA:125,5
DA:126,5
DA:127,5
DA:128,5
DA:129,5
DA:130,5
DA:131,5
DA:132,5
DA:133,3
DA:134,3
DA:135,5
DA:136,5
DA:137,0
DA:138,0
DA:139,0
DA:140,5
DA:141,1
DA:142,1
DA:143,1
DA:144,1
DA:145,1
DA:146,3
DA:147,3
DA:148,3
DA:149,3
DA:150,3
DA:151,3
DA:152,3
DA:153,3
DA:154,3
DA:155,3
DA:156,3
DA:157,3
DA:158,3
DA:159,3
DA:160,3
DA:161,3
DA:162,3
DA:163,3
DA:164,3
DA:165,3
DA:166,3
DA:167,3
DA:168,3
DA:169,3
DA:170,2
DA:171,2
DA:172,2
DA:173,3
DA:174,3
DA:175,3
DA:176,1
DA:177,1
DA:178,3
DA:179,3
DA:180,3
DA:181,0
DA:182,0
DA:183,0
DA:184,3
DA:185,1
DA:186,1
DA:187,1
DA:188,1
DA:189,3
DA:190,3
DA:191,3
DA:192,3
DA:193,3
DA:194,3
DA:195,3
DA:196,3
DA:197,3
DA:198,3
DA:199,3
DA:200,3
DA:201,3
DA:202,3
DA:203,3
DA:204,3
DA:205,0
DA:206,0
DA:207,0
DA:208,3
DA:209,1
DA:210,1
DA:211,1
DA:212,1
DA:213,25
DA:214,25
DA:215,25
DA:216,25
DA:217,25
DA:218,25
DA:219,25
DA:220,25
DA:221,25
DA:222,25
DA:223,25
DA:224,25
DA:225,25
DA:226,243
DA:227,243
DA:228,218
DA:229,218
DA:230,243
DA:231,25
DA:232,25
DA:233,243
DA:234,25
DA:235,25
DA:236,25
DA:237,25
DA:238,25
DA:239,13
DA:240,13
DA:241,13
DA:242,13
DA:243,13
DA:244,13
DA:245,25
DA:246,25
DA:247,25
DA:248,25
DA:249,25
DA:250,25
DA:251,25
DA:252,25
DA:253,0
DA:254,0
DA:255,25
DA:256,1
DA:257,1
DA:258,1
DA:259,1
DA:260,3
DA:261,3
DA:262,3
DA:263,3
DA:264,3
DA:265,3
DA:266,3
DA:267,3
DA:268,3
DA:269,3
DA:270,3
DA:271,3
DA:272,3
DA:273,3
DA:274,3
DA:275,3
DA:276,0
DA:277,0
DA:278,0
DA:279,3
LF:279
LH:259
BRDA:14,0,0,70
BRDA:15,1,0,70
BRDA:18,2,0,1
BRDA:35,3,0,70
BRDA:43,4,0,25
BRDA:72,5,0,0
BRDA:60,6,0,25
BRDA:61,7,0,25
BRDA:81,8,0,6
BRDA:109,9,0,0
BRDA:92,10,0,6
BRDA:93,11,0,46
BRDA:95,12,0,40
BRDA:95,13,0,40
BRDA:98,14,0,6
BRDA:118,15,0,5
BRDA:132,16,0,3
BRDA:136,17,0,0
BRDA:125,18,0,5
BRDA:126,19,0,5
BRDA:126,20,0,2
BRDA:146,21,0,3
BRDA:175,22,0,1
BRDA:179,23,0,2
BRDA:180,24,0,0
BRDA:160,25,0,3
BRDA:161,26,0,3
BRDA:161,27,0,0
BRDA:169,28,0,2
BRDA:189,29,0,3
BRDA:204,30,0,0
BRDA:196,31,0,3
BRDA:197,32,0,3
BRDA:213,33,0,25
BRDA:238,34,0,13
BRDA:252,35,0,0
BRDA:224,36,0,25
BRDA:225,37,0,243
BRDA:227,38,0,218
BRDA:230,39,0,25
BRDA:246,40,0,25
BRDA:247,41,0,25
BRDA:260,42,0,3
BRDA:275,43,0,0
BRDA:267,44,0,3
BRDA:268,45,0,3
BRF:46
BRH:38
end_of_record
TN:
SF:src\utils\pwa.ts
FN:4,registerServiceWorker
FN:78,_showUpdateNotification
FN:174,unregisterServiceWorker
FN:190,isPWA
FN:198,promptInstall
FN:226,trackPWAInstall
FN:234,requestPersistentStorage
FN:244,checkStorageQuota
FNF:8
FNH:1
FNDA:15,registerServiceWorker
FNDA:0,_showUpdateNotification
FNDA:0,unregisterServiceWorker
FNDA:0,isPWA
FNDA:0,promptInstall
FNDA:0,trackPWAInstall
FNDA:0,requestPersistentStorage
FNDA:0,checkStorageQuota
DA:1,1
DA:2,1
DA:3,1
DA:4,1
DA:5,15
DA:6,15
DA:7,15
DA:8,15
DA:9,15
DA:10,8
DA:11,8
DA:12,8
DA:13,8
DA:14,8
DA:15,8
DA:16,8
DA:17,8
DA:18,8
DA:19,8
DA:20,8
DA:21,8
DA:22,8
DA:23,8
DA:24,8
DA:25,8
DA:26,8
DA:27,8
DA:28,8
DA:29,8
DA:30,8
DA:31,8
DA:32,8
DA:33,8
DA:34,8
DA:35,8
DA:36,8
DA:37,8
DA:38,8
DA:39,8
DA:40,8
DA:41,8
DA:42,8
DA:43,8
DA:44,8
DA:45,8
DA:46,8
DA:47,8
DA:48,8
DA:49,8
DA:50,8
DA:51,8
DA:52,8
DA:53,8
DA:54,8
DA:55,8
DA:56,8
DA:57,8
DA:58,8
DA:59,8
DA:60,8
DA:61,8
DA:62,8
DA:63,8
DA:64,8
DA:65,8
DA:66,15
DA:67,7
DA:68,7
DA:69,7
DA:70,15
DA:71,0
DA:72,0
DA:73,0
DA:74,15
DA:75,1
DA:76,1
DA:77,1
DA:78,1
DA:79,0
DA:80,0
DA:81,0
DA:82,0
DA:83,0
DA:84,0
DA:85,0
DA:86,0
DA:87,0
DA:88,0
DA:89,0
DA:90,0
DA:91,0
DA:92,0
DA:93,0
DA:94,0
DA:95,0
DA:96,0
DA:97,0
DA:98,0
DA:99,0
DA:100,0
DA:101,0
DA:102,0
DA:103,0
DA:104,0
DA:105,0
DA:106,0
DA:107,0
DA:108,0
DA:109,0
DA:110,0
DA:111,0
DA:112,0
DA:113,0
DA:114,0
DA:115,0
DA:116,0
DA:117,0
DA:118,0
DA:119,0
DA:120,0
DA:121,0
DA:122,0
DA:123,0
DA:124,0
DA:125,0
DA:126,0
DA:127,0
DA:128,0
DA:129,0
DA:130,0
DA:131,0
DA:132,0
DA:133,0
DA:134,0
DA:135,0
DA:136,0
DA:137,0
DA:138,0
DA:139,0
DA:140,0
DA:141,0
DA:142,0
DA:143,0
DA:144,0
DA:145,0
DA:146,0
DA:147,0
DA:148,0
DA:149,0
DA:150,0
DA:151,0
DA:152,0
DA:153,0
DA:154,0
DA:155,0
DA:156,0
DA:157,0
DA:158,0
DA:159,0
DA:160,0
DA:161,0
DA:162,0
DA:163,0
DA:164,0
DA:165,0
DA:166,0
DA:167,0
DA:168,0
DA:169,0
DA:170,0
DA:171,0
DA:172,0
DA:173,1
DA:174,1
DA:175,0
DA:176,0
DA:177,0
DA:178,0
DA:179,0
DA:180,0
DA:181,0
DA:182,0
DA:183,0
DA:184,0
DA:185,0
DA:186,0
DA:187,0
DA:188,1
DA:189,1
DA:190,1
DA:191,0
DA:192,0
DA:193,0
DA:194,0
DA:195,0
DA:196,1
DA:197,1
DA:198,1
DA:199,0
DA:200,0
DA:201,0
DA:202,0
DA:203,0
DA:204,0
DA:205,0
DA:206,0
DA:207,0
DA:208,0
DA:209,0
DA:210,0
DA:211,0
DA:212,0
DA:213,0
DA:214,0
DA:215,0
DA:216,0
DA:217,0
DA:218,0
DA:219,0
DA:220,0
DA:221,0
DA:222,0
DA:223,0
DA:224,1
DA:225,1
DA:226,1
DA:227,0
DA:228,0
DA:229,0
DA:230,0
DA:231,0
DA:232,1
DA:233,1
DA:234,1
DA:235,0
DA:236,0
DA:237,0
DA:238,0
DA:239,0
DA:240,0
DA:241,0
DA:242,1
DA:243,1
DA:244,1
DA:245,0
DA:246,0
DA:247,0
DA:248,0
DA:249,0
DA:250,0
DA:251,0
DA:252,0
DA:253,0
DA:254,0
DA:255,0
DA:256,0
DA:257,0
DA:258,0
DA:259,0
DA:260,0
DA:261,0
DA:262,0
LF:262
LH:92
BRDA:4,0,0,15
BRDA:9,1,0,8
BRDA:66,2,0,7
BRDA:70,3,0,0
BRF:4
BRH:3
end_of_record
TN:
SF:src\utils\quoteGrouping.ts
FN:32,extractServiceType
FN:91,groupItemsByServiceType
FN:114,isMultiServiceQuote
FN:126,filterTermsByServiceType
FN:192,getGeneralTerms
FN:273,filterNotesByServiceType
FN:336,getServiceGroupHeading
FNF:7
FNH:5
FNDA:42,extractServiceType
FNDA:10,groupItemsByServiceType
FNDA:7,isMultiServiceQuote
FNDA:2,filterTermsByServiceType
FNDA:2,getGeneralTerms
FNDA:0,filterNotesByServiceType
FNDA:0,getServiceGroupHeading
DA:1,1
DA:2,1
DA:3,1
DA:4,1
DA:5,1
DA:6,1
DA:7,1
DA:8,1
DA:9,1
DA:10,1
DA:11,1
DA:12,1
DA:13,1
DA:14,1
DA:15,1
DA:16,1
DA:17,1
DA:18,1
DA:19,1
DA:20,1
DA:21,1
DA:22,1
DA:23,1
DA:24,1
DA:25,1
DA:26,1
DA:27,1
DA:28,1
DA:29,1
DA:30,1
DA:31,1
DA:32,1
DA:33,42
DA:34,42
DA:35,42
DA:36,42
DA:37,42
DA:38,42
DA:39,42
DA:40,42
DA:41,42
DA:42,42
DA:43,42
DA:44,42
DA:45,42
DA:46,42
DA:47,42
DA:48,42
DA:49,42
DA:50,42
DA:51,42
DA:52,42
DA:53,42
DA:54,42
DA:55,42
DA:56,9
DA:57,9
DA:58,9
DA:59,9
DA:60,9
DA:61,9
DA:62,42
DA:63,42
DA:64,42
DA:65,42
DA:66,35
DA:67,35
DA:68,7
DA:69,7
DA:70,7
DA:71,42
DA:72,42
DA:73,42
DA:74,42
DA:75,42
DA:76,42
DA:77,42
DA:78,42
DA:79,18
DA:80,42
DA:81,42
DA:82,1
DA:83,1
DA:84,1
DA:85,1
DA:86,1
DA:87,1
DA:88,1
DA:89,1
DA:90,1
DA:91,1
DA:92,10
DA:93,10
DA:94,10
DA:95,15
DA:96,15
DA:97,11
DA:98,11
DA:99,15
DA:100,10
DA:101,10
DA:102,10
DA:103,10
DA:104,11
DA:105,11
DA:106,11
DA:107,11
DA:108,10
DA:109,10
DA:110,1
DA:111,1
DA:112,1
DA:113,1
DA:114,1
DA:115,7
DA:116,7
DA:117,9
DA:118,7
DA:119,7
DA:120,7
DA:121,1
DA:122,1
DA:123,1
DA:124,1
DA:125,1
DA:126,1
DA:127,2
DA:128,2
DA:129,2
DA:130,2
DA:131,1
DA:132,1
DA:133,1
DA:134,1
DA:135,1
DA:136,1
DA:137,1
DA:138,1
DA:139,2
DA:140,2
DA:141,2
DA:142,2
DA:143,2
DA:144,2
DA:145,2
DA:146,2
DA:147,2
DA:148,2
DA:149,2
DA:150,2
DA:151,5
DA:152,5
DA:153,5
DA:154,5
DA:155,5
DA:156,5
DA:157,5
DA:158,5
DA:159,2
DA:160,2
DA:161,2
DA:162,3
DA:163,2
DA:164,2
DA:165,2
DA:166,3
DA:167,2
DA:168,2
DA:169,2
DA:170,1
DA:171,1
DA:172,5
DA:173,3
DA:174,3
DA:175,2
DA:176,3
DA:177,0
DA:178,0
DA:179,0
DA:180,0
DA:181,0
DA:182,3
DA:183,5
DA:184,1
DA:185,1
DA:186,1
DA:187,1
DA:188,1
DA:189,1
DA:190,1
DA:191,1
DA:192,1
DA:193,2
DA:194,1
DA:195,1
DA:196,1
DA:197,1
DA:198,1
DA:199,1
DA:200,1
DA:201,1
DA:202,1
DA:203,1
DA:204,1
DA:205,1
DA:206,1
DA:207,1
DA:208,1
DA:209,1
DA:210,2
DA:211,2
DA:212,2
DA:213,2
DA:214,2
DA:215,2
DA:216,2
DA:217,2
DA:218,2
DA:219,2
DA:220,2
DA:221,0
DA:222,0
DA:223,2
DA:224,2
DA:225,2
DA:226,2
DA:227,2
DA:228,0
DA:229,0
DA:230,2
DA:231,2
DA:232,2
DA:233,2
DA:234,2
DA:235,2
DA:236,2
DA:237,2
DA:238,1
DA:239,1
DA:240,2
DA:241,2
DA:242,2
DA:243,2
DA:244,2
DA:245,2
DA:246,2
DA:247,2
DA:248,2
DA:249,2
DA:250,2
DA:251,2
DA:252,2
DA:253,2
DA:254,2
DA:255,2
DA:256,2
DA:257,2
DA:258,2
DA:259,2
DA:260,0
DA:261,0
DA:262,2
DA:263,2
DA:264,2
DA:265,2
DA:266,1
DA:267,1
DA:268,1
DA:269,1
DA:270,1
DA:271,1
DA:272,1
DA:273,1
DA:274,0
DA:275,0
DA:276,0
DA:277,0
DA:278,0
DA:279,0
DA:280,0
DA:281,0
DA:282,0
DA:283,0
DA:284,0
DA:285,0
DA:286,0
DA:287,0
DA:288,0
DA:289,0
DA:290,0
DA:291,0
DA:292,0
DA:293,0
DA:294,0
DA:295,0
DA:296,0
DA:297,0
DA:298,0
DA:299,0
DA:300,0
DA:301,0
DA:302,0
DA:303,0
DA:304,0
DA:305,0
DA:306,0
DA:307,0
DA:308,0
DA:309,0
DA:310,0
DA:311,0
DA:312,0
DA:313,0
DA:314,0
DA:315,0
DA:316,0
DA:317,0
DA:318,0
DA:319,0
DA:320,0
DA:321,0
DA:322,0
DA:323,0
DA:324,0
DA:325,0
DA:326,0
DA:327,0
DA:328,0
DA:329,0
DA:330,1
DA:331,1
DA:332,1
DA:333,1
DA:334,1
DA:335,1
DA:336,1
DA:337,0
DA:338,0
LF:338
LH:269
BRDA:32,0,0,42
BRDA:55,1,0,9
BRDA:65,2,0,35
BRDA:67,3,0,7
BRDA:71,4,0,26
BRDA:71,5,0,3
BRDA:71,6,0,4
BRDA:72,7,0,1
BRDA:72,8,0,3
BRDA:73,9,0,0
BRDA:73,10,0,3
BRDA:74,11,0,0
BRDA:74,12,0,3
BRDA:75,13,0,0
BRDA:75,14,0,3
BRDA:76,15,0,0
BRDA:76,16,0,3
BRDA:77,17,0,18
BRDA:77,18,0,1
BRDA:77,19,0,2
BRDA:78,20,0,0
BRDA:78,21,0,18
BRDA:78,22,0,2
BRDA:79,23,0,1
BRDA:79,24,0,1
BRDA:80,25,0,17
BRDA:80,26,0,0
BRDA:80,27,0,1
BRDA:81,28,0,17
BRDA:81,29,0,0
BRDA:81,30,0,1
BRDA:91,31,0,10
BRDA:94,32,0,15
BRDA:96,33,0,11
BRDA:103,34,0,11
BRDA:106,35,0,15
BRDA:114,36,0,7
BRDA:116,37,0,9
BRDA:126,38,0,2
BRDA:130,39,0,1
BRDA:139,40,0,0
BRDA:150,41,0,5
BRDA:158,42,0,2
BRDA:161,43,0,3
BRDA:162,44,0,2
BRDA:169,45,0,1
BRDA:172,46,0,3
BRDA:174,47,0,2
BRDA:176,48,0,1
BRDA:176,49,0,0
BRDA:183,50,0,1
BRDA:139,51,0,1
BRDA:144,52,0,5
BRDA:155,53,0,24
BRDA:155,54,0,5
BRDA:192,55,0,2
BRDA:193,56,0,1
BRDA:220,57,0,0
BRDA:227,58,0,0
BRDA:237,59,0,1
BRDA:248,60,0,0
BRDA:252,61,0,0
BRDA:256,62,0,0
BRDA:259,63,0,0
BRDA:265,64,0,1
BRDA:198,65,0,2
BRDA:217,66,0,16
BRDA:217,67,0,0
BRDA:225,68,0,16
BRDA:246,69,0,16
BRDA:246,70,0,0
BRDA:251,71,0,16
BRF:72
BRH:55
end_of_record
